26-Aug-2017 20:01:23.858 信息 [main] org.apache.catalina.startup.VersionLoggerListener.log Server version:        Apache Tomcat/9.0.0.M26
26-Aug-2017 20:01:23.858 信息 [main] org.apache.catalina.startup.VersionLoggerListener.log Server built:          Aug 2 2017 20:29:05 UTC
26-Aug-2017 20:01:23.873 信息 [main] org.apache.catalina.startup.VersionLoggerListener.log Server number:         9.0.0.0
26-Aug-2017 20:01:23.873 信息 [main] org.apache.catalina.startup.VersionLoggerListener.log OS Name:               Windows 7
26-Aug-2017 20:01:23.873 信息 [main] org.apache.catalina.startup.VersionLoggerListener.log OS Version:            6.1
26-Aug-2017 20:01:23.873 信息 [main] org.apache.catalina.startup.VersionLoggerListener.log Architecture:          amd64
26-Aug-2017 20:01:23.873 信息 [main] org.apache.catalina.startup.VersionLoggerListener.log Java Home:             C:\Program Files\Java\jdk1.8.0_111\jre
26-Aug-2017 20:01:23.873 信息 [main] org.apache.catalina.startup.VersionLoggerListener.log JVM Version:           1.8.0_111-b14
26-Aug-2017 20:01:23.873 信息 [main] org.apache.catalina.startup.VersionLoggerListener.log JVM Vendor:            Oracle Corporation
26-Aug-2017 20:01:23.873 信息 [main] org.apache.catalina.startup.VersionLoggerListener.log CATALINA_BASE:         D:\workspace\apache-tomcat-9.0.0.M26
26-Aug-2017 20:01:23.873 信息 [main] org.apache.catalina.startup.VersionLoggerListener.log CATALINA_HOME:         D:\workspace\apache-tomcat-9.0.0.M26
26-Aug-2017 20:01:23.873 信息 [main] org.apache.catalina.startup.VersionLoggerListener.log Command line argument: -Djava.util.logging.config.file=D:\workspace\apache-tomcat-9.0.0.M26\conf\logging.properties
26-Aug-2017 20:01:23.873 信息 [main] org.apache.catalina.startup.VersionLoggerListener.log Command line argument: -Djava.util.logging.manager=org.apache.juli.ClassLoaderLogManager
26-Aug-2017 20:01:23.873 信息 [main] org.apache.catalina.startup.VersionLoggerListener.log Command line argument: -Djdk.tls.ephemeralDHKeySize=2048
26-Aug-2017 20:01:23.873 信息 [main] org.apache.catalina.startup.VersionLoggerListener.log Command line argument: -Djava.protocol.handler.pkgs=org.apache.catalina.webresources
26-Aug-2017 20:01:23.873 信息 [main] org.apache.catalina.startup.VersionLoggerListener.log Command line argument: -Dcatalina.base=D:\workspace\apache-tomcat-9.0.0.M26
26-Aug-2017 20:01:23.889 信息 [main] org.apache.catalina.startup.VersionLoggerListener.log Command line argument: -Dcatalina.home=D:\workspace\apache-tomcat-9.0.0.M26
26-Aug-2017 20:01:23.889 信息 [main] org.apache.catalina.startup.VersionLoggerListener.log Command line argument: -Djava.io.tmpdir=D:\workspace\apache-tomcat-9.0.0.M26\temp
26-Aug-2017 20:01:23.889 信息 [main] org.apache.catalina.core.AprLifecycleListener.lifecycleEvent Loaded APR based Apache Tomcat Native library [1.2.12] using APR version [1.5.2].
26-Aug-2017 20:01:23.889 信息 [main] org.apache.catalina.core.AprLifecycleListener.lifecycleEvent APR capabilities: IPv6 [true], sendfile [true], accept filters [false], random [true].
26-Aug-2017 20:01:23.889 信息 [main] org.apache.catalina.core.AprLifecycleListener.lifecycleEvent APR/OpenSSL configuration: useAprConnector [false], useOpenSSL [true]
26-Aug-2017 20:01:24.640 信息 [main] org.apache.catalina.core.AprLifecycleListener.initializeSSL OpenSSL successfully initialized [OpenSSL 1.0.2k  26 Jan 2017]
26-Aug-2017 20:01:24.796 信息 [main] org.apache.coyote.AbstractProtocol.init Initializing ProtocolHandler ["http-nio-8080"]
26-Aug-2017 20:01:24.811 严重 [main] org.apache.catalina.util.LifecycleBase.handleSubClassException Failed to initialize component [Connector[HTTP/1.1-8080]]
 org.apache.catalina.LifecycleException: Protocol handler initialization failed
	at org.apache.catalina.connector.Connector.initInternal(Connector.java:935)
	at org.apache.catalina.util.LifecycleBase.init(LifecycleBase.java:136)
	at org.apache.catalina.core.StandardService.initInternal(StandardService.java:530)
	at org.apache.catalina.util.LifecycleBase.init(LifecycleBase.java:136)
	at org.apache.catalina.core.StandardServer.initInternal(StandardServer.java:852)
	at org.apache.catalina.util.LifecycleBase.init(LifecycleBase.java:136)
	at org.apache.catalina.startup.Catalina.load(Catalina.java:608)
	at org.apache.catalina.startup.Catalina.load(Catalina.java:631)
	at sun.reflect.NativeMethodAccessorImpl.invoke0(Native Method)
	at sun.reflect.NativeMethodAccessorImpl.invoke(NativeMethodAccessorImpl.java:62)
	at sun.reflect.DelegatingMethodAccessorImpl.invoke(DelegatingMethodAccessorImpl.java:43)
	at java.lang.reflect.Method.invoke(Method.java:498)
	at org.apache.catalina.startup.Bootstrap.load(Bootstrap.java:311)
	at org.apache.catalina.startup.Bootstrap.main(Bootstrap.java:494)
Caused by: java.net.BindException: Address already in use: bind
	at sun.nio.ch.Net.bind0(Native Method)
	at sun.nio.ch.Net.bind(Net.java:433)
	at sun.nio.ch.Net.bind(Net.java:425)
	at sun.nio.ch.ServerSocketChannelImpl.bind(ServerSocketChannelImpl.java:223)
	at sun.nio.ch.ServerSocketAdaptor.bind(ServerSocketAdaptor.java:74)
	at org.apache.tomcat.util.net.NioEndpoint.initServerSocket(NioEndpoint.java:227)
	at org.apache.tomcat.util.net.NioEndpoint.bind(NioEndpoint.java:202)
	at org.apache.tomcat.util.net.AbstractEndpoint.init(AbstractEndpoint.java:950)
	at org.apache.coyote.AbstractProtocol.init(AbstractProtocol.java:573)
	at org.apache.coyote.http11.AbstractHttp11Protocol.init(AbstractHttp11Protocol.java:70)
	at org.apache.catalina.connector.Connector.initInternal(Connector.java:932)
	... 13 more

26-Aug-2017 20:01:24.811 信息 [main] org.apache.coyote.AbstractProtocol.init Initializing ProtocolHandler ["ajp-nio-8009"]
26-Aug-2017 20:01:24.827 严重 [main] org.apache.catalina.util.LifecycleBase.handleSubClassException Failed to initialize component [Connector[AJP/1.3-8009]]
 org.apache.catalina.LifecycleException: Protocol handler initialization failed
	at org.apache.catalina.connector.Connector.initInternal(Connector.java:935)
	at org.apache.catalina.util.LifecycleBase.init(LifecycleBase.java:136)
	at org.apache.catalina.core.StandardService.initInternal(StandardService.java:530)
	at org.apache.catalina.util.LifecycleBase.init(LifecycleBase.java:136)
	at org.apache.catalina.core.StandardServer.initInternal(StandardServer.java:852)
	at org.apache.catalina.util.LifecycleBase.init(LifecycleBase.java:136)
	at org.apache.catalina.startup.Catalina.load(Catalina.java:608)
	at org.apache.catalina.startup.Catalina.load(Catalina.java:631)
	at sun.reflect.NativeMethodAccessorImpl.invoke0(Native Method)
	at sun.reflect.NativeMethodAccessorImpl.invoke(NativeMethodAccessorImpl.java:62)
	at sun.reflect.DelegatingMethodAccessorImpl.invoke(DelegatingMethodAccessorImpl.java:43)
	at java.lang.reflect.Method.invoke(Method.java:498)
	at org.apache.catalina.startup.Bootstrap.load(Bootstrap.java:311)
	at org.apache.catalina.startup.Bootstrap.main(Bootstrap.java:494)
Caused by: java.net.BindException: Address already in use: bind
	at sun.nio.ch.Net.bind0(Native Method)
	at sun.nio.ch.Net.bind(Net.java:433)
	at sun.nio.ch.Net.bind(Net.java:425)
	at sun.nio.ch.ServerSocketChannelImpl.bind(ServerSocketChannelImpl.java:223)
	at sun.nio.ch.ServerSocketAdaptor.bind(ServerSocketAdaptor.java:74)
	at org.apache.tomcat.util.net.NioEndpoint.initServerSocket(NioEndpoint.java:227)
	at org.apache.tomcat.util.net.NioEndpoint.bind(NioEndpoint.java:202)
	at org.apache.tomcat.util.net.AbstractEndpoint.init(AbstractEndpoint.java:950)
	at org.apache.coyote.AbstractProtocol.init(AbstractProtocol.java:573)
	at org.apache.catalina.connector.Connector.initInternal(Connector.java:932)
	... 13 more

26-Aug-2017 20:01:24.827 信息 [main] org.apache.catalina.startup.Catalina.load Initialization processed in 1430 ms
26-Aug-2017 20:01:24.858 信息 [main] org.apache.catalina.core.StandardService.startInternal Starting service [Catalina]
26-Aug-2017 20:01:24.858 信息 [main] org.apache.catalina.core.StandardEngine.startInternal Starting Servlet Engine: Apache Tomcat/9.0.0.M26
26-Aug-2017 20:01:24.874 信息 [main] org.apache.catalina.startup.HostConfig.deployDirectory Deploying web application directory [D:\workspace\apache-tomcat-9.0.0.M26\webapps\docs]
26-Aug-2017 20:01:25.326 警告 [main] org.apache.catalina.util.SessionIdGeneratorBase.createSecureRandom Creation of SecureRandom instance for session ID generation using [SHA1PRNG] took [125] milliseconds.
26-Aug-2017 20:01:25.342 信息 [main] org.apache.catalina.startup.HostConfig.deployDirectory Deployment of web application directory [D:\workspace\apache-tomcat-9.0.0.M26\webapps\docs] has finished in [468] ms
26-Aug-2017 20:01:25.342 信息 [main] org.apache.catalina.startup.HostConfig.deployDirectory Deploying web application directory [D:\workspace\apache-tomcat-9.0.0.M26\webapps\examples]
26-Aug-2017 20:01:25.701 信息 [main] org.apache.catalina.startup.HostConfig.deployDirectory Deployment of web application directory [D:\workspace\apache-tomcat-9.0.0.M26\webapps\examples] has finished in [359] ms
26-Aug-2017 20:01:25.716 信息 [main] org.apache.catalina.startup.HostConfig.deployDirectory Deploying web application directory [D:\workspace\apache-tomcat-9.0.0.M26\webapps\host-manager]
26-Aug-2017 20:01:25.747 信息 [main] org.apache.catalina.startup.HostConfig.deployDirectory Deployment of web application directory [D:\workspace\apache-tomcat-9.0.0.M26\webapps\host-manager] has finished in [31] ms
26-Aug-2017 20:01:25.747 信息 [main] org.apache.catalina.startup.HostConfig.deployDirectory Deploying web application directory [D:\workspace\apache-tomcat-9.0.0.M26\webapps\manager]
26-Aug-2017 20:01:25.779 信息 [main] org.apache.catalina.startup.HostConfig.deployDirectory Deployment of web application directory [D:\workspace\apache-tomcat-9.0.0.M26\webapps\manager] has finished in [32] ms
26-Aug-2017 20:01:25.779 信息 [main] org.apache.catalina.startup.HostConfig.deployDirectory Deploying web application directory [D:\workspace\apache-tomcat-9.0.0.M26\webapps\ROOT]
26-Aug-2017 20:01:25.810 信息 [main] org.apache.catalina.startup.HostConfig.deployDirectory Deployment of web application directory [D:\workspace\apache-tomcat-9.0.0.M26\webapps\ROOT] has finished in [31] ms
26-Aug-2017 20:01:25.810 信息 [main] org.apache.catalina.startup.Catalina.start Server startup in 987 ms
26-Aug-2017 20:01:25.825 严重 [main] org.apache.catalina.core.StandardServer.await StandardServer.await: create[localhost:8005]: 
 java.net.BindException: Address already in use: JVM_Bind
	at java.net.DualStackPlainSocketImpl.bind0(Native Method)
	at java.net.DualStackPlainSocketImpl.socketBind(DualStackPlainSocketImpl.java:106)
	at java.net.AbstractPlainSocketImpl.bind(AbstractPlainSocketImpl.java:387)
	at java.net.PlainSocketImpl.bind(PlainSocketImpl.java:190)
	at java.net.ServerSocket.bind(ServerSocket.java:375)
	at java.net.ServerSocket.<init>(ServerSocket.java:237)
	at org.apache.catalina.core.StandardServer.await(StandardServer.java:422)
	at org.apache.catalina.startup.Catalina.await(Catalina.java:745)
	at org.apache.catalina.startup.Catalina.start(Catalina.java:691)
	at sun.reflect.NativeMethodAccessorImpl.invoke0(Native Method)
	at sun.reflect.NativeMethodAccessorImpl.invoke(NativeMethodAccessorImpl.java:62)
	at sun.reflect.DelegatingMethodAccessorImpl.invoke(DelegatingMethodAccessorImpl.java:43)
	at java.lang.reflect.Method.invoke(Method.java:498)
	at org.apache.catalina.startup.Bootstrap.start(Bootstrap.java:355)
	at org.apache.catalina.startup.Bootstrap.main(Bootstrap.java:495)

26-Aug-2017 20:01:25.825 信息 [main] org.apache.coyote.AbstractProtocol.pause Pausing ProtocolHandler ["http-nio-8080"]
26-Aug-2017 20:01:25.825 信息 [main] org.apache.coyote.AbstractProtocol.pause Pausing ProtocolHandler ["ajp-nio-8009"]
26-Aug-2017 20:01:25.825 信息 [main] org.apache.catalina.core.StandardService.stopInternal Stopping service [Catalina]
26-Aug-2017 20:01:25.857 信息 [main] org.apache.coyote.AbstractProtocol.stop Stopping ProtocolHandler ["http-nio-8080"]
26-Aug-2017 20:01:25.857 信息 [main] org.apache.coyote.AbstractProtocol.destroy Destroying ProtocolHandler ["http-nio-8080"]
26-Aug-2017 20:01:25.857 信息 [main] org.apache.coyote.AbstractProtocol.stop Stopping ProtocolHandler ["ajp-nio-8009"]
26-Aug-2017 20:01:25.872 信息 [main] org.apache.coyote.AbstractProtocol.destroy Destroying ProtocolHandler ["ajp-nio-8009"]
26-Aug-2017 20:06:34.105 信息 [main] org.apache.catalina.startup.VersionLoggerListener.log Server version:        Apache Tomcat/9.0.0.M26
26-Aug-2017 20:06:34.105 信息 [main] org.apache.catalina.startup.VersionLoggerListener.log Server built:          Aug 2 2017 20:29:05 UTC
26-Aug-2017 20:06:34.105 信息 [main] org.apache.catalina.startup.VersionLoggerListener.log Server number:         9.0.0.0
26-Aug-2017 20:06:34.105 信息 [main] org.apache.catalina.startup.VersionLoggerListener.log OS Name:               Windows 7
26-Aug-2017 20:06:34.105 信息 [main] org.apache.catalina.startup.VersionLoggerListener.log OS Version:            6.1
26-Aug-2017 20:06:34.105 信息 [main] org.apache.catalina.startup.VersionLoggerListener.log Architecture:          amd64
26-Aug-2017 20:06:34.105 信息 [main] org.apache.catalina.startup.VersionLoggerListener.log Java Home:             C:\Program Files\Java\jdk1.8.0_111\jre
26-Aug-2017 20:06:34.105 信息 [main] org.apache.catalina.startup.VersionLoggerListener.log JVM Version:           1.8.0_111-b14
26-Aug-2017 20:06:34.105 信息 [main] org.apache.catalina.startup.VersionLoggerListener.log JVM Vendor:            Oracle Corporation
26-Aug-2017 20:06:34.105 信息 [main] org.apache.catalina.startup.VersionLoggerListener.log CATALINA_BASE:         D:\workspace\apache-tomcat-9.0.0.M26
26-Aug-2017 20:06:34.105 信息 [main] org.apache.catalina.startup.VersionLoggerListener.log CATALINA_HOME:         D:\workspace\apache-tomcat-9.0.0.M26
26-Aug-2017 20:06:34.105 信息 [main] org.apache.catalina.startup.VersionLoggerListener.log Command line argument: -Djava.util.logging.config.file=D:\workspace\apache-tomcat-9.0.0.M26\conf\logging.properties
26-Aug-2017 20:06:34.120 信息 [main] org.apache.catalina.startup.VersionLoggerListener.log Command line argument: -Djava.util.logging.manager=org.apache.juli.ClassLoaderLogManager
26-Aug-2017 20:06:34.120 信息 [main] org.apache.catalina.startup.VersionLoggerListener.log Command line argument: -Djdk.tls.ephemeralDHKeySize=2048
26-Aug-2017 20:06:34.120 信息 [main] org.apache.catalina.startup.VersionLoggerListener.log Command line argument: -Djava.protocol.handler.pkgs=org.apache.catalina.webresources
26-Aug-2017 20:06:34.120 信息 [main] org.apache.catalina.startup.VersionLoggerListener.log Command line argument: -Dcatalina.base=D:\workspace\apache-tomcat-9.0.0.M26
26-Aug-2017 20:06:34.120 信息 [main] org.apache.catalina.startup.VersionLoggerListener.log Command line argument: -Dcatalina.home=D:\workspace\apache-tomcat-9.0.0.M26
26-Aug-2017 20:06:34.120 信息 [main] org.apache.catalina.startup.VersionLoggerListener.log Command line argument: -Djava.io.tmpdir=D:\workspace\apache-tomcat-9.0.0.M26\temp
26-Aug-2017 20:06:34.120 信息 [main] org.apache.catalina.core.AprLifecycleListener.lifecycleEvent Loaded APR based Apache Tomcat Native library [1.2.12] using APR version [1.5.2].
26-Aug-2017 20:06:34.120 信息 [main] org.apache.catalina.core.AprLifecycleListener.lifecycleEvent APR capabilities: IPv6 [true], sendfile [true], accept filters [false], random [true].
26-Aug-2017 20:06:34.120 信息 [main] org.apache.catalina.core.AprLifecycleListener.lifecycleEvent APR/OpenSSL configuration: useAprConnector [false], useOpenSSL [true]
26-Aug-2017 20:06:34.853 信息 [main] org.apache.catalina.core.AprLifecycleListener.initializeSSL OpenSSL successfully initialized [OpenSSL 1.0.2k  26 Jan 2017]
26-Aug-2017 20:06:34.978 信息 [main] org.apache.coyote.AbstractProtocol.init Initializing ProtocolHandler ["http-nio-8080"]
26-Aug-2017 20:06:35.176 信息 [main] org.apache.tomcat.util.net.NioSelectorPool.getSharedSelector Using a shared selector for servlet write/read
26-Aug-2017 20:06:35.176 信息 [main] org.apache.coyote.AbstractProtocol.init Initializing ProtocolHandler ["ajp-nio-8009"]
26-Aug-2017 20:06:35.176 信息 [main] org.apache.tomcat.util.net.NioSelectorPool.getSharedSelector Using a shared selector for servlet write/read
26-Aug-2017 20:06:35.176 信息 [main] org.apache.catalina.startup.Catalina.load Initialization processed in 1504 ms
26-Aug-2017 20:06:35.208 信息 [main] org.apache.catalina.core.StandardService.startInternal Starting service [Catalina]
26-Aug-2017 20:06:35.208 信息 [main] org.apache.catalina.core.StandardEngine.startInternal Starting Servlet Engine: Apache Tomcat/9.0.0.M26
26-Aug-2017 20:06:35.223 信息 [main] org.apache.catalina.startup.HostConfig.deployDirectory Deploying web application directory [D:\workspace\apache-tomcat-9.0.0.M26\webapps\docs]
26-Aug-2017 20:06:35.566 信息 [main] org.apache.catalina.startup.HostConfig.deployDirectory Deployment of web application directory [D:\workspace\apache-tomcat-9.0.0.M26\webapps\docs] has finished in [343] ms
26-Aug-2017 20:06:35.566 信息 [main] org.apache.catalina.startup.HostConfig.deployDirectory Deploying web application directory [D:\workspace\apache-tomcat-9.0.0.M26\webapps\examples]
26-Aug-2017 20:06:35.956 信息 [main] org.apache.catalina.startup.HostConfig.deployDirectory Deployment of web application directory [D:\workspace\apache-tomcat-9.0.0.M26\webapps\examples] has finished in [390] ms
26-Aug-2017 20:06:35.956 信息 [main] org.apache.catalina.startup.HostConfig.deployDirectory Deploying web application directory [D:\workspace\apache-tomcat-9.0.0.M26\webapps\host-manager]
26-Aug-2017 20:06:35.988 信息 [main] org.apache.catalina.startup.HostConfig.deployDirectory Deployment of web application directory [D:\workspace\apache-tomcat-9.0.0.M26\webapps\host-manager] has finished in [32] ms
26-Aug-2017 20:06:35.988 信息 [main] org.apache.catalina.startup.HostConfig.deployDirectory Deploying web application directory [D:\workspace\apache-tomcat-9.0.0.M26\webapps\manager]
26-Aug-2017 20:06:36.019 信息 [main] org.apache.catalina.startup.HostConfig.deployDirectory Deployment of web application directory [D:\workspace\apache-tomcat-9.0.0.M26\webapps\manager] has finished in [31] ms
26-Aug-2017 20:06:36.019 信息 [main] org.apache.catalina.startup.HostConfig.deployDirectory Deploying web application directory [D:\workspace\apache-tomcat-9.0.0.M26\webapps\ROOT]
26-Aug-2017 20:06:36.050 信息 [main] org.apache.catalina.startup.HostConfig.deployDirectory Deployment of web application directory [D:\workspace\apache-tomcat-9.0.0.M26\webapps\ROOT] has finished in [31] ms
26-Aug-2017 20:06:36.050 信息 [main] org.apache.coyote.AbstractProtocol.start Starting ProtocolHandler ["http-nio-8080"]
26-Aug-2017 20:06:36.066 信息 [main] org.apache.coyote.AbstractProtocol.start Starting ProtocolHandler ["ajp-nio-8009"]
26-Aug-2017 20:06:36.066 信息 [main] org.apache.catalina.startup.Catalina.start Server startup in 883 ms
26-Aug-2017 20:07:05.145 信息 [main] org.apache.catalina.core.StandardServer.await A valid shutdown command was received via the shutdown port. Stopping the Server instance.
26-Aug-2017 20:07:05.145 信息 [main] org.apache.coyote.AbstractProtocol.pause Pausing ProtocolHandler ["http-nio-8080"]
26-Aug-2017 20:07:05.317 信息 [main] org.apache.coyote.AbstractProtocol.pause Pausing ProtocolHandler ["ajp-nio-8009"]
26-Aug-2017 20:07:05.520 信息 [main] org.apache.catalina.core.StandardService.stopInternal Stopping service [Catalina]
26-Aug-2017 20:07:05.567 信息 [main] org.apache.coyote.AbstractProtocol.stop Stopping ProtocolHandler ["http-nio-8080"]
26-Aug-2017 20:07:05.567 信息 [main] org.apache.coyote.AbstractProtocol.stop Stopping ProtocolHandler ["ajp-nio-8009"]
26-Aug-2017 20:07:05.567 信息 [main] org.apache.coyote.AbstractProtocol.destroy Destroying ProtocolHandler ["http-nio-8080"]
26-Aug-2017 20:07:05.567 信息 [main] org.apache.coyote.AbstractProtocol.destroy Destroying ProtocolHandler ["ajp-nio-8009"]
26-Aug-2017 20:07:13.919 信息 [main] org.apache.catalina.startup.VersionLoggerListener.log Server version:        Apache Tomcat/9.0.0.M26
26-Aug-2017 20:07:13.919 信息 [main] org.apache.catalina.startup.VersionLoggerListener.log Server built:          Aug 2 2017 20:29:05 UTC
26-Aug-2017 20:07:13.919 信息 [main] org.apache.catalina.startup.VersionLoggerListener.log Server number:         9.0.0.0
26-Aug-2017 20:07:13.919 信息 [main] org.apache.catalina.startup.VersionLoggerListener.log OS Name:               Windows 7
26-Aug-2017 20:07:13.919 信息 [main] org.apache.catalina.startup.VersionLoggerListener.log OS Version:            6.1
26-Aug-2017 20:07:13.919 信息 [main] org.apache.catalina.startup.VersionLoggerListener.log Architecture:          amd64
26-Aug-2017 20:07:13.919 信息 [main] org.apache.catalina.startup.VersionLoggerListener.log Java Home:             C:\Program Files\Java\jdk1.8.0_111\jre
26-Aug-2017 20:07:13.919 信息 [main] org.apache.catalina.startup.VersionLoggerListener.log JVM Version:           1.8.0_111-b14
26-Aug-2017 20:07:13.935 信息 [main] org.apache.catalina.startup.VersionLoggerListener.log JVM Vendor:            Oracle Corporation
26-Aug-2017 20:07:13.935 信息 [main] org.apache.catalina.startup.VersionLoggerListener.log CATALINA_BASE:         D:\workspace\apache-tomcat-9.0.0.M26
26-Aug-2017 20:07:13.935 信息 [main] org.apache.catalina.startup.VersionLoggerListener.log CATALINA_HOME:         D:\workspace\apache-tomcat-9.0.0.M26
26-Aug-2017 20:07:13.935 信息 [main] org.apache.catalina.startup.VersionLoggerListener.log Command line argument: -Djava.util.logging.config.file=D:\workspace\apache-tomcat-9.0.0.M26/conf/logging.properties
26-Aug-2017 20:07:13.935 信息 [main] org.apache.catalina.startup.VersionLoggerListener.log Command line argument: -Djava.util.logging.manager=org.apache.juli.ClassLoaderLogManager
26-Aug-2017 20:07:13.935 信息 [main] org.apache.catalina.startup.VersionLoggerListener.log Command line argument: -Djdk.tls.ephemeralDHKeySize=2048
26-Aug-2017 20:07:13.935 信息 [main] org.apache.catalina.startup.VersionLoggerListener.log Command line argument: -Djava.protocol.handler.pkgs=org.apache.catalina.webresources
26-Aug-2017 20:07:13.935 信息 [main] org.apache.catalina.startup.VersionLoggerListener.log Command line argument: -Dcatalina.base=D:\workspace\apache-tomcat-9.0.0.M26
26-Aug-2017 20:07:13.935 信息 [main] org.apache.catalina.startup.VersionLoggerListener.log Command line argument: -Dcatalina.home=D:\workspace\apache-tomcat-9.0.0.M26
26-Aug-2017 20:07:13.935 信息 [main] org.apache.catalina.startup.VersionLoggerListener.log Command line argument: -Djava.io.tmpdir=D:\workspace\apache-tomcat-9.0.0.M26\temp
26-Aug-2017 20:07:13.935 信息 [main] org.apache.catalina.core.AprLifecycleListener.lifecycleEvent Loaded APR based Apache Tomcat Native library [1.2.12] using APR version [1.5.2].
26-Aug-2017 20:07:13.935 信息 [main] org.apache.catalina.core.AprLifecycleListener.lifecycleEvent APR capabilities: IPv6 [true], sendfile [true], accept filters [false], random [true].
26-Aug-2017 20:07:13.935 信息 [main] org.apache.catalina.core.AprLifecycleListener.lifecycleEvent APR/OpenSSL configuration: useAprConnector [false], useOpenSSL [true]
26-Aug-2017 20:07:14.795 信息 [main] org.apache.catalina.core.AprLifecycleListener.initializeSSL OpenSSL successfully initialized [OpenSSL 1.0.2k  26 Jan 2017]
26-Aug-2017 20:07:14.951 信息 [main] org.apache.coyote.AbstractProtocol.init Initializing ProtocolHandler ["http-nio-8080"]
26-Aug-2017 20:07:15.140 信息 [main] org.apache.tomcat.util.net.NioSelectorPool.getSharedSelector Using a shared selector for servlet write/read
26-Aug-2017 20:07:15.140 信息 [main] org.apache.coyote.AbstractProtocol.init Initializing ProtocolHandler ["ajp-nio-8009"]
26-Aug-2017 20:07:15.140 信息 [main] org.apache.tomcat.util.net.NioSelectorPool.getSharedSelector Using a shared selector for servlet write/read
26-Aug-2017 20:07:15.140 信息 [main] org.apache.catalina.startup.Catalina.load Initialization processed in 1678 ms
26-Aug-2017 20:07:15.172 信息 [main] org.apache.catalina.core.StandardService.startInternal Starting service [Catalina]
26-Aug-2017 20:07:15.172 信息 [main] org.apache.catalina.core.StandardEngine.startInternal Starting Servlet Engine: Apache Tomcat/9.0.0.M26
26-Aug-2017 20:07:15.172 信息 [main] org.apache.catalina.startup.HostConfig.deployDirectory Deploying web application directory [D:\workspace\apache-tomcat-9.0.0.M26\webapps\docs]
26-Aug-2017 20:07:15.546 信息 [main] org.apache.catalina.startup.HostConfig.deployDirectory Deployment of web application directory [D:\workspace\apache-tomcat-9.0.0.M26\webapps\docs] has finished in [374] ms
26-Aug-2017 20:07:15.546 信息 [main] org.apache.catalina.startup.HostConfig.deployDirectory Deploying web application directory [D:\workspace\apache-tomcat-9.0.0.M26\webapps\examples]
26-Aug-2017 20:07:15.936 信息 [main] org.apache.catalina.startup.HostConfig.deployDirectory Deployment of web application directory [D:\workspace\apache-tomcat-9.0.0.M26\webapps\examples] has finished in [390] ms
26-Aug-2017 20:07:15.936 信息 [main] org.apache.catalina.startup.HostConfig.deployDirectory Deploying web application directory [D:\workspace\apache-tomcat-9.0.0.M26\webapps\host-manager]
26-Aug-2017 20:07:15.983 信息 [main] org.apache.catalina.startup.HostConfig.deployDirectory Deployment of web application directory [D:\workspace\apache-tomcat-9.0.0.M26\webapps\host-manager] has finished in [47] ms
26-Aug-2017 20:07:15.983 信息 [main] org.apache.catalina.startup.HostConfig.deployDirectory Deploying web application directory [D:\workspace\apache-tomcat-9.0.0.M26\webapps\manager]
26-Aug-2017 20:07:16.014 信息 [main] org.apache.catalina.startup.HostConfig.deployDirectory Deployment of web application directory [D:\workspace\apache-tomcat-9.0.0.M26\webapps\manager] has finished in [31] ms
26-Aug-2017 20:07:16.014 信息 [main] org.apache.catalina.startup.HostConfig.deployDirectory Deploying web application directory [D:\workspace\apache-tomcat-9.0.0.M26\webapps\ROOT]
26-Aug-2017 20:07:16.030 信息 [main] org.apache.catalina.startup.HostConfig.deployDirectory Deployment of web application directory [D:\workspace\apache-tomcat-9.0.0.M26\webapps\ROOT] has finished in [16] ms
26-Aug-2017 20:07:16.045 信息 [main] org.apache.coyote.AbstractProtocol.start Starting ProtocolHandler ["http-nio-8080"]
26-Aug-2017 20:07:16.061 信息 [main] org.apache.coyote.AbstractProtocol.start Starting ProtocolHandler ["ajp-nio-8009"]
26-Aug-2017 20:07:16.061 信息 [main] org.apache.catalina.startup.Catalina.start Server startup in 921 ms
26-Aug-2017 20:19:16.602 信息 [ContainerBackgroundProcessor[StandardEngine[Catalina]]] org.apache.catalina.startup.HostConfig.deployDirectory Deploying web application directory [D:\workspace\apache-tomcat-9.0.0.M26\webapps\download]
26-Aug-2017 20:19:16.649 信息 [ContainerBackgroundProcessor[StandardEngine[Catalina]]] org.apache.catalina.startup.HostConfig.deployDirectory Deployment of web application directory [D:\workspace\apache-tomcat-9.0.0.M26\webapps\download] has finished in [47] ms
26-Aug-2017 20:19:36.662 信息 [ContainerBackgroundProcessor[StandardEngine[Catalina]]] org.apache.catalina.startup.HostConfig.deployDirectory Deploying web application directory [D:\workspace\apache-tomcat-9.0.0.M26\webapps\GameServer]
26-Aug-2017 20:19:37.163 信息 [ContainerBackgroundProcessor[StandardEngine[Catalina]]] org.apache.jasper.servlet.TldScanner.scanJars At least one JAR was scanned for TLDs yet contained no TLDs. Enable debug logging for this logger for a complete list of JARs that were scanned but no TLDs were found in them. Skipping unneeded JARs during scanning can improve startup time and JSP compilation time.
26-Aug-2017 20:19:37.163 严重 [ContainerBackgroundProcessor[StandardEngine[Catalina]]] org.apache.catalina.core.StandardContext.startInternal One or more listeners failed to start. Full details will be found in the appropriate container log file
26-Aug-2017 20:19:37.163 严重 [ContainerBackgroundProcessor[StandardEngine[Catalina]]] org.apache.catalina.core.StandardContext.startInternal Context [/GameServer] startup failed due to previous errors
26-Aug-2017 20:19:37.179 信息 [ContainerBackgroundProcessor[StandardEngine[Catalina]]] org.apache.catalina.startup.HostConfig.deployDirectory Deployment of web application directory [D:\workspace\apache-tomcat-9.0.0.M26\webapps\GameServer] has finished in [517] ms
26-Aug-2017 20:20:37.241 信息 [ContainerBackgroundProcessor[StandardEngine[Catalina]]] org.apache.catalina.startup.HostConfig.deployDirectory Deploying web application directory [D:\workspace\apache-tomcat-9.0.0.M26\webapps\SoundServer]
26-Aug-2017 20:20:37.783 信息 [ContainerBackgroundProcessor[StandardEngine[Catalina]]] org.apache.jasper.servlet.TldScanner.scanJars At least one JAR was scanned for TLDs yet contained no TLDs. Enable debug logging for this logger for a complete list of JARs that were scanned but no TLDs were found in them. Skipping unneeded JARs during scanning can improve startup time and JSP compilation time.
26-Aug-2017 20:20:37.783 严重 [ContainerBackgroundProcessor[StandardEngine[Catalina]]] org.apache.catalina.core.StandardContext.startInternal One or more listeners failed to start. Full details will be found in the appropriate container log file
26-Aug-2017 20:20:37.783 严重 [ContainerBackgroundProcessor[StandardEngine[Catalina]]] org.apache.catalina.core.StandardContext.startInternal Context [/SoundServer] startup failed due to previous errors
26-Aug-2017 20:20:37.783 信息 [ContainerBackgroundProcessor[StandardEngine[Catalina]]] org.apache.catalina.startup.HostConfig.deployDirectory Deployment of web application directory [D:\workspace\apache-tomcat-9.0.0.M26\webapps\SoundServer] has finished in [542] ms
26-Aug-2017 20:20:37.783 信息 [ContainerBackgroundProcessor[StandardEngine[Catalina]]] org.apache.catalina.startup.HostConfig.deployDirectory Deploying web application directory [D:\workspace\apache-tomcat-9.0.0.M26\webapps\xxadmin]
26-Aug-2017 20:20:39.795 信息 [ContainerBackgroundProcessor[StandardEngine[Catalina]]] org.apache.jasper.servlet.TldScanner.scanJars At least one JAR was scanned for TLDs yet contained no TLDs. Enable debug logging for this logger for a complete list of JARs that were scanned but no TLDs were found in them. Skipping unneeded JARs during scanning can improve startup time and JSP compilation time.
26-Aug-2017 20:21:02.221 信息 [main] org.apache.catalina.core.StandardServer.await A valid shutdown command was received via the shutdown port. Stopping the Server instance.
26-Aug-2017 20:21:02.221 信息 [main] org.apache.coyote.AbstractProtocol.pause Pausing ProtocolHandler ["http-nio-8080"]
26-Aug-2017 20:21:02.393 信息 [main] org.apache.coyote.AbstractProtocol.pause Pausing ProtocolHandler ["ajp-nio-8009"]
26-Aug-2017 20:21:02.518 信息 [main] org.apache.catalina.core.StandardService.stopInternal Stopping service [Catalina]
26-Aug-2017 20:21:04.110 信息 [ContainerBackgroundProcessor[StandardEngine[Catalina]]] org.apache.catalina.startup.HostConfig.deployDirectory Deployment of web application directory [D:\workspace\apache-tomcat-9.0.0.M26\webapps\xxadmin] has finished in [26,327] ms
26-Aug-2017 20:21:04.110 信息 [ContainerBackgroundProcessor[StandardEngine[Catalina]]] org.apache.catalina.startup.HostConfig.deployDirectory Deploying web application directory [D:\workspace\apache-tomcat-9.0.0.M26\webapps\数据库]
26-Aug-2017 20:21:04.131 信息 [17] org.apache.catalina.startup.HostConfig.deployDirectory Deployment of web application directory [D:\workspace\apache-tomcat-9.0.0.M26\webapps\数据库] has finished in [21] ms
26-Aug-2017 20:21:04.208 警告 [main] org.apache.catalina.loader.WebappClassLoaderBase.clearReferencesJdbc The web application [xxadmin] registered the JDBC driver [com.mysql.jdbc.Driver] but failed to unregister it when the web application was stopped. To prevent a memory leak, the JDBC Driver has been forcibly unregistered.
26-Aug-2017 20:21:04.209 警告 [main] org.apache.catalina.loader.WebappClassLoaderBase.clearReferencesThreads The web application [xxadmin] appears to have started a thread named [com.mchange.v2.async.ThreadPoolAsynchronousRunner$PoolThread-#0] but has failed to stop it. This is very likely to create a memory leak. Stack trace of thread:
 com.mchange.v2.c3p0.DriverManagerDataSource.getConnection(DriverManagerDataSource.java:88)
 com.mchange.v2.c3p0.WrapperConnectionPoolDataSource.getPooledConnection(WrapperConnectionPoolDataSource.java:109)
 com.mchange.v2.c3p0.impl.C3P0PooledConnectionPool$1.acquireResource(C3P0PooledConnectionPool.java:89)
 com.mchange.v2.resourcepool.BasicResourcePool.acquireUntil(BasicResourcePool.java:665)
 com.mchange.v2.resourcepool.BasicResourcePool.access$500(BasicResourcePool.java:32)
 com.mchange.v2.resourcepool.BasicResourcePool$AcquireTask.run(BasicResourcePool.java:1206)
 com.mchange.v2.async.ThreadPoolAsynchronousRunner$PoolThread.run(ThreadPoolAsynchronousRunner.java:368)
26-Aug-2017 20:21:04.210 警告 [main] org.apache.catalina.loader.WebappClassLoaderBase.clearReferencesThreads The web application [xxadmin] appears to have started a thread named [com.mchange.v2.async.ThreadPoolAsynchronousRunner$PoolThread-#1] but has failed to stop it. This is very likely to create a memory leak. Stack trace of thread:
 java.lang.Thread.sleep(Native Method)
 com.mchange.v2.resourcepool.BasicResourcePool$AcquireTask.run(BasicResourcePool.java:1200)
 com.mchange.v2.async.ThreadPoolAsynchronousRunner$PoolThread.run(ThreadPoolAsynchronousRunner.java:368)
26-Aug-2017 20:21:04.212 警告 [main] org.apache.catalina.loader.WebappClassLoaderBase.clearReferencesThreads The web application [xxadmin] appears to have started a thread named [com.mchange.v2.async.ThreadPoolAsynchronousRunner$PoolThread-#2] but has failed to stop it. This is very likely to create a memory leak. Stack trace of thread:
 java.net.DualStackPlainSocketImpl.connect0(Native Method)
 java.net.DualStackPlainSocketImpl.socketConnect(DualStackPlainSocketImpl.java:79)
 java.net.AbstractPlainSocketImpl.doConnect(AbstractPlainSocketImpl.java:350)
 java.net.AbstractPlainSocketImpl.connectToAddress(AbstractPlainSocketImpl.java:206)
 java.net.AbstractPlainSocketImpl.connect(AbstractPlainSocketImpl.java:188)
 java.net.PlainSocketImpl.connect(PlainSocketImpl.java:172)
 java.net.SocksSocketImpl.connect(SocksSocketImpl.java:392)
 java.net.Socket.connect(Socket.java:589)
 java.net.Socket.connect(Socket.java:538)
 java.net.Socket.<init>(Socket.java:434)
 java.net.Socket.<init>(Socket.java:244)
 com.mysql.jdbc.StandardSocketFactory.connect(StandardSocketFactory.java:253)
 com.mysql.jdbc.MysqlIO.<init>(MysqlIO.java:284)
 com.mysql.jdbc.ConnectionImpl.createNewIO(ConnectionImpl.java:2043)
 com.mysql.jdbc.ConnectionImpl.<init>(ConnectionImpl.java:723)
 com.mysql.jdbc.JDBC4Connection.<init>(JDBC4Connection.java:46)
 sun.reflect.NativeConstructorAccessorImpl.newInstance0(Native Method)
 sun.reflect.NativeConstructorAccessorImpl.newInstance(NativeConstructorAccessorImpl.java:62)
 sun.reflect.DelegatingConstructorAccessorImpl.newInstance(DelegatingConstructorAccessorImpl.java:45)
 java.lang.reflect.Constructor.newInstance(Constructor.java:423)
 com.mysql.jdbc.Util.handleNewInstance(Util.java:406)
 com.mysql.jdbc.ConnectionImpl.getInstance(ConnectionImpl.java:302)
 com.mysql.jdbc.NonRegisteringDriver.connect(NonRegisteringDriver.java:282)
 com.mchange.v2.c3p0.DriverManagerDataSource.getConnection(DriverManagerDataSource.java:88)
 com.mchange.v2.c3p0.WrapperConnectionPoolDataSource.getPooledConnection(WrapperConnectionPoolDataSource.java:109)
 com.mchange.v2.c3p0.impl.C3P0PooledConnectionPool$1.acquireResource(C3P0PooledConnectionPool.java:89)
 com.mchange.v2.resourcepool.BasicResourcePool.acquireUntil(BasicResourcePool.java:665)
 com.mchange.v2.resourcepool.BasicResourcePool.access$500(BasicResourcePool.java:32)
 com.mchange.v2.resourcepool.BasicResourcePool$AcquireTask.run(BasicResourcePool.java:1206)
 com.mchange.v2.async.ThreadPoolAsynchronousRunner$PoolThread.run(ThreadPoolAsynchronousRunner.java:368)
26-Aug-2017 20:21:04.212 警告 [main] org.apache.catalina.loader.WebappClassLoaderBase.clearReferencesThreads The web application [xxadmin] appears to have started a thread named [MySQL Statement Cancellation Timer] but has failed to stop it. This is very likely to create a memory leak. Stack trace of thread:
 java.lang.Object.wait(Native Method)
 java.lang.Object.wait(Object.java:502)
 java.util.TimerThread.mainLoop(Timer.java:526)
 java.util.TimerThread.run(Timer.java:505)
26-Aug-2017 20:21:04.222 信息 [main] org.apache.coyote.AbstractProtocol.stop Stopping ProtocolHandler ["http-nio-8080"]
26-Aug-2017 20:21:04.229 信息 [main] org.apache.coyote.AbstractProtocol.stop Stopping ProtocolHandler ["ajp-nio-8009"]
26-Aug-2017 20:21:04.235 信息 [main] org.apache.coyote.AbstractProtocol.destroy Destroying ProtocolHandler ["http-nio-8080"]
26-Aug-2017 20:21:04.237 信息 [main] org.apache.coyote.AbstractProtocol.destroy Destroying ProtocolHandler ["ajp-nio-8009"]
26-Aug-2017 20:21:21.843 信息 [main] org.apache.catalina.startup.VersionLoggerListener.log Server version:        Apache Tomcat/9.0.0.M26
26-Aug-2017 20:21:21.847 信息 [main] org.apache.catalina.startup.VersionLoggerListener.log Server built:          Aug 2 2017 20:29:05 UTC
26-Aug-2017 20:21:21.848 信息 [main] org.apache.catalina.startup.VersionLoggerListener.log Server number:         9.0.0.0
26-Aug-2017 20:21:21.848 信息 [main] org.apache.catalina.startup.VersionLoggerListener.log OS Name:               Windows 7
26-Aug-2017 20:21:21.848 信息 [main] org.apache.catalina.startup.VersionLoggerListener.log OS Version:            6.1
26-Aug-2017 20:21:21.848 信息 [main] org.apache.catalina.startup.VersionLoggerListener.log Architecture:          amd64
26-Aug-2017 20:21:21.848 信息 [main] org.apache.catalina.startup.VersionLoggerListener.log Java Home:             C:\Program Files\Java\jdk1.8.0_111\jre
26-Aug-2017 20:21:21.849 信息 [main] org.apache.catalina.startup.VersionLoggerListener.log JVM Version:           1.8.0_111-b14
26-Aug-2017 20:21:21.849 信息 [main] org.apache.catalina.startup.VersionLoggerListener.log JVM Vendor:            Oracle Corporation
26-Aug-2017 20:21:21.849 信息 [main] org.apache.catalina.startup.VersionLoggerListener.log CATALINA_BASE:         D:\workspace\apache-tomcat-9.0.0.M26
26-Aug-2017 20:21:21.849 信息 [main] org.apache.catalina.startup.VersionLoggerListener.log CATALINA_HOME:         D:\workspace\apache-tomcat-9.0.0.M26
26-Aug-2017 20:21:21.850 信息 [main] org.apache.catalina.startup.VersionLoggerListener.log Command line argument: -Djava.util.logging.config.file=D:\workspace\apache-tomcat-9.0.0.M26/conf/logging.properties
26-Aug-2017 20:21:21.850 信息 [main] org.apache.catalina.startup.VersionLoggerListener.log Command line argument: -Djava.util.logging.manager=org.apache.juli.ClassLoaderLogManager
26-Aug-2017 20:21:21.850 信息 [main] org.apache.catalina.startup.VersionLoggerListener.log Command line argument: -Djdk.tls.ephemeralDHKeySize=2048
26-Aug-2017 20:21:21.850 信息 [main] org.apache.catalina.startup.VersionLoggerListener.log Command line argument: -Djava.protocol.handler.pkgs=org.apache.catalina.webresources
26-Aug-2017 20:21:21.850 信息 [main] org.apache.catalina.startup.VersionLoggerListener.log Command line argument: -Dcatalina.base=D:\workspace\apache-tomcat-9.0.0.M26
26-Aug-2017 20:21:21.851 信息 [main] org.apache.catalina.startup.VersionLoggerListener.log Command line argument: -Dcatalina.home=D:\workspace\apache-tomcat-9.0.0.M26
26-Aug-2017 20:21:21.851 信息 [main] org.apache.catalina.startup.VersionLoggerListener.log Command line argument: -Djava.io.tmpdir=D:\workspace\apache-tomcat-9.0.0.M26\temp
26-Aug-2017 20:21:21.851 信息 [main] org.apache.catalina.core.AprLifecycleListener.lifecycleEvent Loaded APR based Apache Tomcat Native library [1.2.12] using APR version [1.5.2].
26-Aug-2017 20:21:21.851 信息 [main] org.apache.catalina.core.AprLifecycleListener.lifecycleEvent APR capabilities: IPv6 [true], sendfile [true], accept filters [false], random [true].
26-Aug-2017 20:21:21.851 信息 [main] org.apache.catalina.core.AprLifecycleListener.lifecycleEvent APR/OpenSSL configuration: useAprConnector [false], useOpenSSL [true]
26-Aug-2017 20:21:22.702 信息 [main] org.apache.catalina.core.AprLifecycleListener.initializeSSL OpenSSL successfully initialized [OpenSSL 1.0.2k  26 Jan 2017]
26-Aug-2017 20:21:22.869 信息 [main] org.apache.coyote.AbstractProtocol.init Initializing ProtocolHandler ["http-nio-8080"]
26-Aug-2017 20:21:23.071 信息 [main] org.apache.tomcat.util.net.NioSelectorPool.getSharedSelector Using a shared selector for servlet write/read
26-Aug-2017 20:21:23.075 信息 [main] org.apache.coyote.AbstractProtocol.init Initializing ProtocolHandler ["ajp-nio-8009"]
26-Aug-2017 20:21:23.078 信息 [main] org.apache.tomcat.util.net.NioSelectorPool.getSharedSelector Using a shared selector for servlet write/read
26-Aug-2017 20:21:23.078 信息 [main] org.apache.catalina.startup.Catalina.load Initialization processed in 1698 ms
26-Aug-2017 20:21:23.115 信息 [main] org.apache.catalina.core.StandardService.startInternal Starting service [Catalina]
26-Aug-2017 20:21:23.116 信息 [main] org.apache.catalina.core.StandardEngine.startInternal Starting Servlet Engine: Apache Tomcat/9.0.0.M26
26-Aug-2017 20:21:23.124 信息 [main] org.apache.catalina.startup.HostConfig.deployDirectory Deploying web application directory [D:\workspace\apache-tomcat-9.0.0.M26\webapps\docs]
26-Aug-2017 20:21:23.539 信息 [main] org.apache.catalina.startup.HostConfig.deployDirectory Deployment of web application directory [D:\workspace\apache-tomcat-9.0.0.M26\webapps\docs] has finished in [415] ms
26-Aug-2017 20:21:23.540 信息 [main] org.apache.catalina.startup.HostConfig.deployDirectory Deploying web application directory [D:\workspace\apache-tomcat-9.0.0.M26\webapps\download]
26-Aug-2017 20:21:23.594 信息 [main] org.apache.catalina.startup.HostConfig.deployDirectory Deployment of web application directory [D:\workspace\apache-tomcat-9.0.0.M26\webapps\download] has finished in [53] ms
26-Aug-2017 20:21:23.594 信息 [main] org.apache.catalina.startup.HostConfig.deployDirectory Deploying web application directory [D:\workspace\apache-tomcat-9.0.0.M26\webapps\examples]
26-Aug-2017 20:21:23.967 信息 [main] org.apache.catalina.startup.HostConfig.deployDirectory Deployment of web application directory [D:\workspace\apache-tomcat-9.0.0.M26\webapps\examples] has finished in [373] ms
26-Aug-2017 20:21:23.968 信息 [main] org.apache.catalina.startup.HostConfig.deployDirectory Deploying web application directory [D:\workspace\apache-tomcat-9.0.0.M26\webapps\GameServer]
26-Aug-2017 20:21:24.566 信息 [main] org.apache.jasper.servlet.TldScanner.scanJars At least one JAR was scanned for TLDs yet contained no TLDs. Enable debug logging for this logger for a complete list of JARs that were scanned but no TLDs were found in them. Skipping unneeded JARs during scanning can improve startup time and JSP compilation time.
26-Aug-2017 20:21:24.568 严重 [main] org.apache.catalina.core.StandardContext.startInternal One or more listeners failed to start. Full details will be found in the appropriate container log file
26-Aug-2017 20:21:24.569 严重 [main] org.apache.catalina.core.StandardContext.startInternal Context [/GameServer] startup failed due to previous errors
26-Aug-2017 20:21:24.579 信息 [main] org.apache.catalina.startup.HostConfig.deployDirectory Deployment of web application directory [D:\workspace\apache-tomcat-9.0.0.M26\webapps\GameServer] has finished in [611] ms
26-Aug-2017 20:21:24.579 信息 [main] org.apache.catalina.startup.HostConfig.deployDirectory Deploying web application directory [D:\workspace\apache-tomcat-9.0.0.M26\webapps\host-manager]
26-Aug-2017 20:21:24.617 信息 [main] org.apache.catalina.startup.HostConfig.deployDirectory Deployment of web application directory [D:\workspace\apache-tomcat-9.0.0.M26\webapps\host-manager] has finished in [38] ms
26-Aug-2017 20:21:24.618 信息 [main] org.apache.catalina.startup.HostConfig.deployDirectory Deploying web application directory [D:\workspace\apache-tomcat-9.0.0.M26\webapps\manager]
26-Aug-2017 20:21:24.647 信息 [main] org.apache.catalina.startup.HostConfig.deployDirectory Deployment of web application directory [D:\workspace\apache-tomcat-9.0.0.M26\webapps\manager] has finished in [29] ms
26-Aug-2017 20:21:24.647 信息 [main] org.apache.catalina.startup.HostConfig.deployDirectory Deploying web application directory [D:\workspace\apache-tomcat-9.0.0.M26\webapps\ROOT]
26-Aug-2017 20:21:24.667 信息 [main] org.apache.catalina.startup.HostConfig.deployDirectory Deployment of web application directory [D:\workspace\apache-tomcat-9.0.0.M26\webapps\ROOT] has finished in [19] ms
26-Aug-2017 20:21:24.667 信息 [main] org.apache.catalina.startup.HostConfig.deployDirectory Deploying web application directory [D:\workspace\apache-tomcat-9.0.0.M26\webapps\SoundServer]
26-Aug-2017 20:21:25.244 信息 [main] org.apache.jasper.servlet.TldScanner.scanJars At least one JAR was scanned for TLDs yet contained no TLDs. Enable debug logging for this logger for a complete list of JARs that were scanned but no TLDs were found in them. Skipping unneeded JARs during scanning can improve startup time and JSP compilation time.
26-Aug-2017 20:21:25.246 严重 [main] org.apache.catalina.core.StandardContext.startInternal One or more listeners failed to start. Full details will be found in the appropriate container log file
26-Aug-2017 20:21:25.247 严重 [main] org.apache.catalina.core.StandardContext.startInternal Context [/SoundServer] startup failed due to previous errors
26-Aug-2017 20:21:25.251 信息 [main] org.apache.catalina.startup.HostConfig.deployDirectory Deployment of web application directory [D:\workspace\apache-tomcat-9.0.0.M26\webapps\SoundServer] has finished in [584] ms
26-Aug-2017 20:21:25.252 信息 [main] org.apache.catalina.startup.HostConfig.deployDirectory Deploying web application directory [D:\workspace\apache-tomcat-9.0.0.M26\webapps\xxadmin]
26-Aug-2017 20:21:27.560 信息 [main] org.apache.jasper.servlet.TldScanner.scanJars At least one JAR was scanned for TLDs yet contained no TLDs. Enable debug logging for this logger for a complete list of JARs that were scanned but no TLDs were found in them. Skipping unneeded JARs during scanning can improve startup time and JSP compilation time.
26-Aug-2017 20:22:31.848 信息 [main] org.apache.catalina.startup.VersionLoggerListener.log Server version:        Apache Tomcat/9.0.0.M26
26-Aug-2017 20:22:31.848 信息 [main] org.apache.catalina.startup.VersionLoggerListener.log Server built:          Aug 2 2017 20:29:05 UTC
26-Aug-2017 20:22:31.848 信息 [main] org.apache.catalina.startup.VersionLoggerListener.log Server number:         9.0.0.0
26-Aug-2017 20:22:31.848 信息 [main] org.apache.catalina.startup.VersionLoggerListener.log OS Name:               Windows 7
26-Aug-2017 20:22:31.848 信息 [main] org.apache.catalina.startup.VersionLoggerListener.log OS Version:            6.1
26-Aug-2017 20:22:31.848 信息 [main] org.apache.catalina.startup.VersionLoggerListener.log Architecture:          amd64
26-Aug-2017 20:22:31.848 信息 [main] org.apache.catalina.startup.VersionLoggerListener.log Java Home:             C:\Program Files\Java\jdk1.8.0_111\jre
26-Aug-2017 20:22:31.848 信息 [main] org.apache.catalina.startup.VersionLoggerListener.log JVM Version:           1.8.0_111-b14
26-Aug-2017 20:22:31.848 信息 [main] org.apache.catalina.startup.VersionLoggerListener.log JVM Vendor:            Oracle Corporation
26-Aug-2017 20:22:31.848 信息 [main] org.apache.catalina.startup.VersionLoggerListener.log CATALINA_BASE:         D:\workspace\apache-tomcat-9.0.0.M26
26-Aug-2017 20:22:31.848 信息 [main] org.apache.catalina.startup.VersionLoggerListener.log CATALINA_HOME:         D:\workspace\apache-tomcat-9.0.0.M26
26-Aug-2017 20:22:31.848 信息 [main] org.apache.catalina.startup.VersionLoggerListener.log Command line argument: -Djava.util.logging.config.file=D:\workspace\apache-tomcat-9.0.0.M26/conf/logging.properties
26-Aug-2017 20:22:31.848 信息 [main] org.apache.catalina.startup.VersionLoggerListener.log Command line argument: -Djava.util.logging.manager=org.apache.juli.ClassLoaderLogManager
26-Aug-2017 20:22:31.848 信息 [main] org.apache.catalina.startup.VersionLoggerListener.log Command line argument: -Djdk.tls.ephemeralDHKeySize=2048
26-Aug-2017 20:22:31.848 信息 [main] org.apache.catalina.startup.VersionLoggerListener.log Command line argument: -Djava.protocol.handler.pkgs=org.apache.catalina.webresources
26-Aug-2017 20:22:31.848 信息 [main] org.apache.catalina.startup.VersionLoggerListener.log Command line argument: -Dcatalina.base=D:\workspace\apache-tomcat-9.0.0.M26
26-Aug-2017 20:22:31.848 信息 [main] org.apache.catalina.startup.VersionLoggerListener.log Command line argument: -Dcatalina.home=D:\workspace\apache-tomcat-9.0.0.M26
26-Aug-2017 20:22:31.848 信息 [main] org.apache.catalina.startup.VersionLoggerListener.log Command line argument: -Djava.io.tmpdir=D:\workspace\apache-tomcat-9.0.0.M26\temp
26-Aug-2017 20:22:31.848 信息 [main] org.apache.catalina.core.AprLifecycleListener.lifecycleEvent Loaded APR based Apache Tomcat Native library [1.2.12] using APR version [1.5.2].
26-Aug-2017 20:22:31.848 信息 [main] org.apache.catalina.core.AprLifecycleListener.lifecycleEvent APR capabilities: IPv6 [true], sendfile [true], accept filters [false], random [true].
26-Aug-2017 20:22:31.848 信息 [main] org.apache.catalina.core.AprLifecycleListener.lifecycleEvent APR/OpenSSL configuration: useAprConnector [false], useOpenSSL [true]
26-Aug-2017 20:22:32.585 信息 [main] org.apache.catalina.core.AprLifecycleListener.initializeSSL OpenSSL successfully initialized [OpenSSL 1.0.2k  26 Jan 2017]
26-Aug-2017 20:22:32.725 信息 [main] org.apache.coyote.AbstractProtocol.init Initializing ProtocolHandler ["http-nio-8080"]
26-Aug-2017 20:22:32.897 信息 [main] org.apache.tomcat.util.net.NioSelectorPool.getSharedSelector Using a shared selector for servlet write/read
26-Aug-2017 20:22:32.912 信息 [main] org.apache.coyote.AbstractProtocol.init Initializing ProtocolHandler ["ajp-nio-8009"]
26-Aug-2017 20:22:32.912 信息 [main] org.apache.tomcat.util.net.NioSelectorPool.getSharedSelector Using a shared selector for servlet write/read
26-Aug-2017 20:22:32.912 信息 [main] org.apache.catalina.startup.Catalina.load Initialization processed in 1496 ms
26-Aug-2017 20:22:32.943 信息 [main] org.apache.catalina.core.StandardService.startInternal Starting service [Catalina]
26-Aug-2017 20:22:32.943 信息 [main] org.apache.catalina.core.StandardEngine.startInternal Starting Servlet Engine: Apache Tomcat/9.0.0.M26
26-Aug-2017 20:22:32.943 信息 [main] org.apache.catalina.startup.HostConfig.deployDirectory Deploying web application directory [D:\workspace\apache-tomcat-9.0.0.M26\webapps\docs]
26-Aug-2017 20:22:33.266 信息 [main] org.apache.catalina.startup.HostConfig.deployDirectory Deployment of web application directory [D:\workspace\apache-tomcat-9.0.0.M26\webapps\docs] has finished in [323] ms
26-Aug-2017 20:22:33.266 信息 [main] org.apache.catalina.startup.HostConfig.deployDirectory Deploying web application directory [D:\workspace\apache-tomcat-9.0.0.M26\webapps\download]
26-Aug-2017 20:22:33.314 信息 [main] org.apache.catalina.startup.HostConfig.deployDirectory Deployment of web application directory [D:\workspace\apache-tomcat-9.0.0.M26\webapps\download] has finished in [48] ms
26-Aug-2017 20:22:33.314 信息 [main] org.apache.catalina.startup.HostConfig.deployDirectory Deploying web application directory [D:\workspace\apache-tomcat-9.0.0.M26\webapps\examples]
26-Aug-2017 20:22:33.657 信息 [main] org.apache.catalina.startup.HostConfig.deployDirectory Deployment of web application directory [D:\workspace\apache-tomcat-9.0.0.M26\webapps\examples] has finished in [343] ms
26-Aug-2017 20:22:33.657 信息 [main] org.apache.catalina.startup.HostConfig.deployDirectory Deploying web application directory [D:\workspace\apache-tomcat-9.0.0.M26\webapps\GameServer]
26-Aug-2017 20:22:34.164 信息 [main] org.apache.jasper.servlet.TldScanner.scanJars At least one JAR was scanned for TLDs yet contained no TLDs. Enable debug logging for this logger for a complete list of JARs that were scanned but no TLDs were found in them. Skipping unneeded JARs during scanning can improve startup time and JSP compilation time.
26-Aug-2017 20:22:34.164 严重 [main] org.apache.catalina.core.StandardContext.startInternal One or more listeners failed to start. Full details will be found in the appropriate container log file
26-Aug-2017 20:22:34.164 严重 [main] org.apache.catalina.core.StandardContext.startInternal Context [/GameServer] startup failed due to previous errors
26-Aug-2017 20:22:34.180 信息 [main] org.apache.catalina.startup.HostConfig.deployDirectory Deployment of web application directory [D:\workspace\apache-tomcat-9.0.0.M26\webapps\GameServer] has finished in [523] ms
26-Aug-2017 20:22:34.180 信息 [main] org.apache.catalina.startup.HostConfig.deployDirectory Deploying web application directory [D:\workspace\apache-tomcat-9.0.0.M26\webapps\host-manager]
26-Aug-2017 20:22:34.211 信息 [main] org.apache.catalina.startup.HostConfig.deployDirectory Deployment of web application directory [D:\workspace\apache-tomcat-9.0.0.M26\webapps\host-manager] has finished in [31] ms
26-Aug-2017 20:22:34.211 信息 [main] org.apache.catalina.startup.HostConfig.deployDirectory Deploying web application directory [D:\workspace\apache-tomcat-9.0.0.M26\webapps\manager]
26-Aug-2017 20:22:34.242 信息 [main] org.apache.catalina.startup.HostConfig.deployDirectory Deployment of web application directory [D:\workspace\apache-tomcat-9.0.0.M26\webapps\manager] has finished in [31] ms
26-Aug-2017 20:22:34.242 信息 [main] org.apache.catalina.startup.HostConfig.deployDirectory Deploying web application directory [D:\workspace\apache-tomcat-9.0.0.M26\webapps\ROOT]
26-Aug-2017 20:22:34.259 信息 [main] org.apache.catalina.startup.HostConfig.deployDirectory Deployment of web application directory [D:\workspace\apache-tomcat-9.0.0.M26\webapps\ROOT] has finished in [17] ms
26-Aug-2017 20:22:34.259 信息 [main] org.apache.catalina.startup.HostConfig.deployDirectory Deploying web application directory [D:\workspace\apache-tomcat-9.0.0.M26\webapps\SoundServer]
26-Aug-2017 20:22:34.858 信息 [main] org.apache.jasper.servlet.TldScanner.scanJars At least one JAR was scanned for TLDs yet contained no TLDs. Enable debug logging for this logger for a complete list of JARs that were scanned but no TLDs were found in them. Skipping unneeded JARs during scanning can improve startup time and JSP compilation time.
26-Aug-2017 20:22:34.860 严重 [main] org.apache.catalina.core.StandardContext.startInternal One or more listeners failed to start. Full details will be found in the appropriate container log file
26-Aug-2017 20:22:34.860 严重 [main] org.apache.catalina.core.StandardContext.startInternal Context [/SoundServer] startup failed due to previous errors
26-Aug-2017 20:22:34.864 信息 [main] org.apache.catalina.startup.HostConfig.deployDirectory Deployment of web application directory [D:\workspace\apache-tomcat-9.0.0.M26\webapps\SoundServer] has finished in [605] ms
26-Aug-2017 20:22:34.865 信息 [main] org.apache.catalina.startup.HostConfig.deployDirectory Deploying web application directory [D:\workspace\apache-tomcat-9.0.0.M26\webapps\xxadmin]
26-Aug-2017 20:22:37.242 信息 [main] org.apache.jasper.servlet.TldScanner.scanJars At least one JAR was scanned for TLDs yet contained no TLDs. Enable debug logging for this logger for a complete list of JARs that were scanned but no TLDs were found in them. Skipping unneeded JARs during scanning can improve startup time and JSP compilation time.
26-Aug-2017 20:23:23.551 信息 [main] org.apache.catalina.startup.VersionLoggerListener.log Server version:        Apache Tomcat/9.0.0.M26
26-Aug-2017 20:23:23.551 信息 [main] org.apache.catalina.startup.VersionLoggerListener.log Server built:          Aug 2 2017 20:29:05 UTC
26-Aug-2017 20:23:23.551 信息 [main] org.apache.catalina.startup.VersionLoggerListener.log Server number:         9.0.0.0
26-Aug-2017 20:23:23.551 信息 [main] org.apache.catalina.startup.VersionLoggerListener.log OS Name:               Windows 7
26-Aug-2017 20:23:23.551 信息 [main] org.apache.catalina.startup.VersionLoggerListener.log OS Version:            6.1
26-Aug-2017 20:23:23.551 信息 [main] org.apache.catalina.startup.VersionLoggerListener.log Architecture:          amd64
26-Aug-2017 20:23:23.551 信息 [main] org.apache.catalina.startup.VersionLoggerListener.log Java Home:             C:\Program Files\Java\jdk1.8.0_111\jre
26-Aug-2017 20:23:23.551 信息 [main] org.apache.catalina.startup.VersionLoggerListener.log JVM Version:           1.8.0_111-b14
26-Aug-2017 20:23:23.566 信息 [main] org.apache.catalina.startup.VersionLoggerListener.log JVM Vendor:            Oracle Corporation
26-Aug-2017 20:23:23.566 信息 [main] org.apache.catalina.startup.VersionLoggerListener.log CATALINA_BASE:         D:\workspace\apache-tomcat-9.0.0.M26
26-Aug-2017 20:23:23.566 信息 [main] org.apache.catalina.startup.VersionLoggerListener.log CATALINA_HOME:         D:\workspace\apache-tomcat-9.0.0.M26
26-Aug-2017 20:23:23.566 信息 [main] org.apache.catalina.startup.VersionLoggerListener.log Command line argument: -Djava.util.logging.config.file=D:\workspace\apache-tomcat-9.0.0.M26\conf\logging.properties
26-Aug-2017 20:23:23.566 信息 [main] org.apache.catalina.startup.VersionLoggerListener.log Command line argument: -Djava.util.logging.manager=org.apache.juli.ClassLoaderLogManager
26-Aug-2017 20:23:23.566 信息 [main] org.apache.catalina.startup.VersionLoggerListener.log Command line argument: -Djdk.tls.ephemeralDHKeySize=2048
26-Aug-2017 20:23:23.566 信息 [main] org.apache.catalina.startup.VersionLoggerListener.log Command line argument: -Djava.protocol.handler.pkgs=org.apache.catalina.webresources
26-Aug-2017 20:23:23.566 信息 [main] org.apache.catalina.startup.VersionLoggerListener.log Command line argument: -Dcatalina.base=D:\workspace\apache-tomcat-9.0.0.M26
26-Aug-2017 20:23:23.566 信息 [main] org.apache.catalina.startup.VersionLoggerListener.log Command line argument: -Dcatalina.home=D:\workspace\apache-tomcat-9.0.0.M26
26-Aug-2017 20:23:23.566 信息 [main] org.apache.catalina.startup.VersionLoggerListener.log Command line argument: -Djava.io.tmpdir=D:\workspace\apache-tomcat-9.0.0.M26\temp
26-Aug-2017 20:23:23.566 信息 [main] org.apache.catalina.core.AprLifecycleListener.lifecycleEvent Loaded APR based Apache Tomcat Native library [1.2.12] using APR version [1.5.2].
26-Aug-2017 20:23:23.582 信息 [main] org.apache.catalina.core.AprLifecycleListener.lifecycleEvent APR capabilities: IPv6 [true], sendfile [true], accept filters [false], random [true].
26-Aug-2017 20:23:23.582 信息 [main] org.apache.catalina.core.AprLifecycleListener.lifecycleEvent APR/OpenSSL configuration: useAprConnector [false], useOpenSSL [true]
26-Aug-2017 20:23:24.336 信息 [main] org.apache.catalina.core.AprLifecycleListener.initializeSSL OpenSSL successfully initialized [OpenSSL 1.0.2k  26 Jan 2017]
26-Aug-2017 20:23:24.491 信息 [main] org.apache.coyote.AbstractProtocol.init Initializing ProtocolHandler ["http-nio-8080"]
26-Aug-2017 20:23:24.663 信息 [main] org.apache.tomcat.util.net.NioSelectorPool.getSharedSelector Using a shared selector for servlet write/read
26-Aug-2017 20:23:24.678 信息 [main] org.apache.coyote.AbstractProtocol.init Initializing ProtocolHandler ["ajp-nio-8009"]
26-Aug-2017 20:23:24.678 信息 [main] org.apache.tomcat.util.net.NioSelectorPool.getSharedSelector Using a shared selector for servlet write/read
26-Aug-2017 20:23:24.678 信息 [main] org.apache.catalina.startup.Catalina.load Initialization processed in 1583 ms
26-Aug-2017 20:23:24.710 信息 [main] org.apache.catalina.core.StandardService.startInternal Starting service [Catalina]
26-Aug-2017 20:23:24.710 信息 [main] org.apache.catalina.core.StandardEngine.startInternal Starting Servlet Engine: Apache Tomcat/9.0.0.M26
26-Aug-2017 20:23:24.725 信息 [main] org.apache.catalina.startup.HostConfig.deployDirectory Deploying web application directory [D:\workspace\apache-tomcat-9.0.0.M26\webapps\docs]
26-Aug-2017 20:23:25.084 信息 [main] org.apache.catalina.startup.HostConfig.deployDirectory Deployment of web application directory [D:\workspace\apache-tomcat-9.0.0.M26\webapps\docs] has finished in [359] ms
26-Aug-2017 20:23:25.084 信息 [main] org.apache.catalina.startup.HostConfig.deployDirectory Deploying web application directory [D:\workspace\apache-tomcat-9.0.0.M26\webapps\download]
26-Aug-2017 20:23:25.137 信息 [main] org.apache.catalina.startup.HostConfig.deployDirectory Deployment of web application directory [D:\workspace\apache-tomcat-9.0.0.M26\webapps\download] has finished in [53] ms
26-Aug-2017 20:23:25.139 信息 [main] org.apache.catalina.startup.HostConfig.deployDirectory Deploying web application directory [D:\workspace\apache-tomcat-9.0.0.M26\webapps\examples]
26-Aug-2017 20:23:25.485 信息 [main] org.apache.catalina.startup.HostConfig.deployDirectory Deployment of web application directory [D:\workspace\apache-tomcat-9.0.0.M26\webapps\examples] has finished in [330] ms
26-Aug-2017 20:23:25.485 信息 [main] org.apache.catalina.startup.HostConfig.deployDirectory Deploying web application directory [D:\workspace\apache-tomcat-9.0.0.M26\webapps\GameServer]
26-Aug-2017 20:23:26.031 信息 [main] org.apache.jasper.servlet.TldScanner.scanJars At least one JAR was scanned for TLDs yet contained no TLDs. Enable debug logging for this logger for a complete list of JARs that were scanned but no TLDs were found in them. Skipping unneeded JARs during scanning can improve startup time and JSP compilation time.
26-Aug-2017 20:23:26.046 严重 [main] org.apache.catalina.core.StandardContext.startInternal One or more listeners failed to start. Full details will be found in the appropriate container log file
26-Aug-2017 20:23:26.046 严重 [main] org.apache.catalina.core.StandardContext.startInternal Context [/GameServer] startup failed due to previous errors
26-Aug-2017 20:23:26.062 信息 [main] org.apache.catalina.startup.HostConfig.deployDirectory Deployment of web application directory [D:\workspace\apache-tomcat-9.0.0.M26\webapps\GameServer] has finished in [577] ms
26-Aug-2017 20:23:26.062 信息 [main] org.apache.catalina.startup.HostConfig.deployDirectory Deploying web application directory [D:\workspace\apache-tomcat-9.0.0.M26\webapps\host-manager]
26-Aug-2017 20:23:26.093 信息 [main] org.apache.catalina.startup.HostConfig.deployDirectory Deployment of web application directory [D:\workspace\apache-tomcat-9.0.0.M26\webapps\host-manager] has finished in [31] ms
26-Aug-2017 20:23:26.093 信息 [main] org.apache.catalina.startup.HostConfig.deployDirectory Deploying web application directory [D:\workspace\apache-tomcat-9.0.0.M26\webapps\manager]
26-Aug-2017 20:23:26.130 信息 [main] org.apache.catalina.startup.HostConfig.deployDirectory Deployment of web application directory [D:\workspace\apache-tomcat-9.0.0.M26\webapps\manager] has finished in [37] ms
26-Aug-2017 20:23:26.131 信息 [main] org.apache.catalina.startup.HostConfig.deployDirectory Deploying web application directory [D:\workspace\apache-tomcat-9.0.0.M26\webapps\ROOT]
26-Aug-2017 20:23:26.147 信息 [main] org.apache.catalina.startup.HostConfig.deployDirectory Deployment of web application directory [D:\workspace\apache-tomcat-9.0.0.M26\webapps\ROOT] has finished in [16] ms
26-Aug-2017 20:23:26.147 信息 [main] org.apache.catalina.startup.HostConfig.deployDirectory Deploying web application directory [D:\workspace\apache-tomcat-9.0.0.M26\webapps\SoundServer]
26-Aug-2017 20:23:26.725 信息 [main] org.apache.jasper.servlet.TldScanner.scanJars At least one JAR was scanned for TLDs yet contained no TLDs. Enable debug logging for this logger for a complete list of JARs that were scanned but no TLDs were found in them. Skipping unneeded JARs during scanning can improve startup time and JSP compilation time.
26-Aug-2017 20:23:26.740 严重 [main] org.apache.catalina.core.StandardContext.startInternal One or more listeners failed to start. Full details will be found in the appropriate container log file
26-Aug-2017 20:23:26.740 严重 [main] org.apache.catalina.core.StandardContext.startInternal Context [/SoundServer] startup failed due to previous errors
26-Aug-2017 20:23:26.740 信息 [main] org.apache.catalina.startup.HostConfig.deployDirectory Deployment of web application directory [D:\workspace\apache-tomcat-9.0.0.M26\webapps\SoundServer] has finished in [593] ms
26-Aug-2017 20:23:26.756 信息 [main] org.apache.catalina.startup.HostConfig.deployDirectory Deploying web application directory [D:\workspace\apache-tomcat-9.0.0.M26\webapps\xxadmin]
26-Aug-2017 20:23:28.581 信息 [main] org.apache.jasper.servlet.TldScanner.scanJars At least one JAR was scanned for TLDs yet contained no TLDs. Enable debug logging for this logger for a complete list of JARs that were scanned but no TLDs were found in them. Skipping unneeded JARs during scanning can improve startup time and JSP compilation time.
26-Aug-2017 20:25:50.508 信息 [main] org.apache.catalina.startup.HostConfig.deployDirectory Deployment of web application directory [D:\workspace\apache-tomcat-9.0.0.M26\webapps\xxadmin] has finished in [143,751] ms
26-Aug-2017 20:25:50.521 信息 [main] org.apache.catalina.startup.HostConfig.deployDirectory Deploying web application directory [D:\workspace\apache-tomcat-9.0.0.M26\webapps\数据库]
26-Aug-2017 20:25:50.545 信息 [main] org.apache.catalina.startup.HostConfig.deployDirectory Deployment of web application directory [D:\workspace\apache-tomcat-9.0.0.M26\webapps\数据库] has finished in [23] ms
26-Aug-2017 20:25:50.551 信息 [main] org.apache.coyote.AbstractProtocol.start Starting ProtocolHandler ["http-nio-8080"]
26-Aug-2017 20:25:50.567 信息 [main] org.apache.coyote.AbstractProtocol.start Starting ProtocolHandler ["ajp-nio-8009"]
26-Aug-2017 20:25:50.581 信息 [main] org.apache.catalina.startup.Catalina.start Server startup in 145891 ms
26-Aug-2017 21:15:27.194 信息 [main] org.apache.catalina.core.StandardServer.await A valid shutdown command was received via the shutdown port. Stopping the Server instance.
26-Aug-2017 21:15:27.194 信息 [main] org.apache.coyote.AbstractProtocol.pause Pausing ProtocolHandler ["http-nio-8080"]
26-Aug-2017 21:15:27.381 信息 [main] org.apache.coyote.AbstractProtocol.pause Pausing ProtocolHandler ["ajp-nio-8009"]
26-Aug-2017 21:15:27.568 信息 [main] org.apache.catalina.core.StandardService.stopInternal Stopping service [Catalina]
26-Aug-2017 21:15:27.677 警告 [main] org.apache.catalina.loader.WebappClassLoaderBase.clearReferencesJdbc The web application [xxadmin] registered the JDBC driver [com.mysql.jdbc.Driver] but failed to unregister it when the web application was stopped. To prevent a memory leak, the JDBC Driver has been forcibly unregistered.
26-Aug-2017 21:15:27.693 警告 [main] org.apache.catalina.loader.WebappClassLoaderBase.clearReferencesThreads The web application [xxadmin] appears to have started a thread named [com.mchange.v2.async.ThreadPoolAsynchronousRunner$PoolThread-#0] but has failed to stop it. This is very likely to create a memory leak. Stack trace of thread:
 java.net.DualStackPlainSocketImpl.connect0(Native Method)
 java.net.DualStackPlainSocketImpl.socketConnect(DualStackPlainSocketImpl.java:79)
 java.net.AbstractPlainSocketImpl.doConnect(AbstractPlainSocketImpl.java:350)
 java.net.AbstractPlainSocketImpl.connectToAddress(AbstractPlainSocketImpl.java:206)
 java.net.AbstractPlainSocketImpl.connect(AbstractPlainSocketImpl.java:188)
 java.net.PlainSocketImpl.connect(PlainSocketImpl.java:172)
 java.net.SocksSocketImpl.connect(SocksSocketImpl.java:392)
 java.net.Socket.connect(Socket.java:589)
 java.net.Socket.connect(Socket.java:538)
 java.net.Socket.<init>(Socket.java:434)
 java.net.Socket.<init>(Socket.java:244)
 com.mysql.jdbc.StandardSocketFactory.connect(StandardSocketFactory.java:253)
 com.mysql.jdbc.MysqlIO.<init>(MysqlIO.java:284)
 com.mysql.jdbc.ConnectionImpl.createNewIO(ConnectionImpl.java:2043)
 com.mysql.jdbc.ConnectionImpl.<init>(ConnectionImpl.java:723)
 com.mysql.jdbc.JDBC4Connection.<init>(JDBC4Connection.java:46)
 sun.reflect.GeneratedConstructorAccessor15.newInstance(Unknown Source)
 sun.reflect.DelegatingConstructorAccessorImpl.newInstance(DelegatingConstructorAccessorImpl.java:45)
 java.lang.reflect.Constructor.newInstance(Constructor.java:423)
 com.mysql.jdbc.Util.handleNewInstance(Util.java:406)
 com.mysql.jdbc.ConnectionImpl.getInstance(ConnectionImpl.java:302)
 com.mysql.jdbc.NonRegisteringDriver.connect(NonRegisteringDriver.java:282)
 com.mchange.v2.c3p0.DriverManagerDataSource.getConnection(DriverManagerDataSource.java:88)
 com.mchange.v2.c3p0.WrapperConnectionPoolDataSource.getPooledConnection(WrapperConnectionPoolDataSource.java:109)
 com.mchange.v2.c3p0.impl.C3P0PooledConnectionPool$1.acquireResource(C3P0PooledConnectionPool.java:89)
 com.mchange.v2.resourcepool.BasicResourcePool.acquireUntil(BasicResourcePool.java:665)
 com.mchange.v2.resourcepool.BasicResourcePool.access$500(BasicResourcePool.java:32)
 com.mchange.v2.resourcepool.BasicResourcePool$AcquireTask.run(BasicResourcePool.java:1206)
 com.mchange.v2.async.ThreadPoolAsynchronousRunner$PoolThread.run(ThreadPoolAsynchronousRunner.java:368)
26-Aug-2017 21:15:27.693 警告 [main] org.apache.catalina.loader.WebappClassLoaderBase.clearReferencesThreads The web application [xxadmin] appears to have started a thread named [com.mchange.v2.async.ThreadPoolAsynchronousRunner$PoolThread-#1] but has failed to stop it. This is very likely to create a memory leak. Stack trace of thread:
 com.mchange.v2.c3p0.DriverManagerDataSource.getConnection(DriverManagerDataSource.java:88)
 com.mchange.v2.c3p0.WrapperConnectionPoolDataSource.getPooledConnection(WrapperConnectionPoolDataSource.java:109)
 com.mchange.v2.c3p0.impl.C3P0PooledConnectionPool$1.acquireResource(C3P0PooledConnectionPool.java:89)
 com.mchange.v2.resourcepool.BasicResourcePool.acquireUntil(BasicResourcePool.java:665)
 com.mchange.v2.resourcepool.BasicResourcePool.access$500(BasicResourcePool.java:32)
 com.mchange.v2.resourcepool.BasicResourcePool$AcquireTask.run(BasicResourcePool.java:1206)
 com.mchange.v2.async.ThreadPoolAsynchronousRunner$PoolThread.run(ThreadPoolAsynchronousRunner.java:368)
26-Aug-2017 21:15:27.693 警告 [main] org.apache.catalina.loader.WebappClassLoaderBase.clearReferencesThreads The web application [xxadmin] appears to have started a thread named [com.mchange.v2.async.ThreadPoolAsynchronousRunner$PoolThread-#2] but has failed to stop it. This is very likely to create a memory leak. Stack trace of thread:
 com.mchange.v2.c3p0.DriverManagerDataSource.getConnection(DriverManagerDataSource.java:88)
 com.mchange.v2.c3p0.WrapperConnectionPoolDataSource.getPooledConnection(WrapperConnectionPoolDataSource.java:109)
 com.mchange.v2.c3p0.impl.C3P0PooledConnectionPool$1.acquireResource(C3P0PooledConnectionPool.java:89)
 com.mchange.v2.resourcepool.BasicResourcePool.acquireUntil(BasicResourcePool.java:665)
 com.mchange.v2.resourcepool.BasicResourcePool.access$500(BasicResourcePool.java:32)
 com.mchange.v2.resourcepool.BasicResourcePool$AcquireTask.run(BasicResourcePool.java:1206)
 com.mchange.v2.async.ThreadPoolAsynchronousRunner$PoolThread.run(ThreadPoolAsynchronousRunner.java:368)
26-Aug-2017 21:15:27.693 警告 [main] org.apache.catalina.loader.WebappClassLoaderBase.clearReferencesThreads The web application [xxadmin] appears to have started a thread named [MySQL Statement Cancellation Timer] but has failed to stop it. This is very likely to create a memory leak. Stack trace of thread:
 java.lang.Object.wait(Native Method)
 java.lang.Object.wait(Object.java:502)
 java.util.TimerThread.mainLoop(Timer.java:526)
 java.util.TimerThread.run(Timer.java:505)
26-Aug-2017 21:15:27.708 信息 [main] org.apache.coyote.AbstractProtocol.stop Stopping ProtocolHandler ["http-nio-8080"]
26-Aug-2017 21:15:27.708 信息 [main] org.apache.coyote.AbstractProtocol.stop Stopping ProtocolHandler ["ajp-nio-8009"]
26-Aug-2017 21:15:27.708 信息 [main] org.apache.coyote.AbstractProtocol.destroy Destroying ProtocolHandler ["http-nio-8080"]
26-Aug-2017 21:15:27.708 信息 [main] org.apache.coyote.AbstractProtocol.destroy Destroying ProtocolHandler ["ajp-nio-8009"]
