26-Aug-2017 20:07:13.919 信息 [main] org.apache.catalina.startup.VersionLoggerListener.log Server version:        Apache Tomcat/9.0.0.M26
26-Aug-2017 20:07:13.919 信息 [main] org.apache.catalina.startup.VersionLoggerListener.log Server built:          Aug 2 2017 20:29:05 UTC
26-Aug-2017 20:07:13.919 信息 [main] org.apache.catalina.startup.VersionLoggerListener.log Server number:         9.0.0.0
26-Aug-2017 20:07:13.919 信息 [main] org.apache.catalina.startup.VersionLoggerListener.log OS Name:               Windows 7
26-Aug-2017 20:07:13.919 信息 [main] org.apache.catalina.startup.VersionLoggerListener.log OS Version:            6.1
26-Aug-2017 20:07:13.919 信息 [main] org.apache.catalina.startup.VersionLoggerListener.log Architecture:          amd64
26-Aug-2017 20:07:13.919 信息 [main] org.apache.catalina.startup.VersionLoggerListener.log Java Home:             C:\Program Files\Java\jdk1.8.0_111\jre
26-Aug-2017 20:07:13.919 信息 [main] org.apache.catalina.startup.VersionLoggerListener.log JVM Version:           1.8.0_111-b14
26-Aug-2017 20:07:13.935 信息 [main] org.apache.catalina.startup.VersionLoggerListener.log JVM Vendor:            Oracle Corporation
26-Aug-2017 20:07:13.935 信息 [main] org.apache.catalina.startup.VersionLoggerListener.log CATALINA_BASE:         D:\workspace\apache-tomcat-9.0.0.M26
26-Aug-2017 20:07:13.935 信息 [main] org.apache.catalina.startup.VersionLoggerListener.log CATALINA_HOME:         D:\workspace\apache-tomcat-9.0.0.M26
26-Aug-2017 20:07:13.935 信息 [main] org.apache.catalina.startup.VersionLoggerListener.log Command line argument: -Djava.util.logging.config.file=D:\workspace\apache-tomcat-9.0.0.M26/conf/logging.properties
26-Aug-2017 20:07:13.935 信息 [main] org.apache.catalina.startup.VersionLoggerListener.log Command line argument: -Djava.util.logging.manager=org.apache.juli.ClassLoaderLogManager
26-Aug-2017 20:07:13.935 信息 [main] org.apache.catalina.startup.VersionLoggerListener.log Command line argument: -Djdk.tls.ephemeralDHKeySize=2048
26-Aug-2017 20:07:13.935 信息 [main] org.apache.catalina.startup.VersionLoggerListener.log Command line argument: -Djava.protocol.handler.pkgs=org.apache.catalina.webresources
26-Aug-2017 20:07:13.935 信息 [main] org.apache.catalina.startup.VersionLoggerListener.log Command line argument: -Dcatalina.base=D:\workspace\apache-tomcat-9.0.0.M26
26-Aug-2017 20:07:13.935 信息 [main] org.apache.catalina.startup.VersionLoggerListener.log Command line argument: -Dcatalina.home=D:\workspace\apache-tomcat-9.0.0.M26
26-Aug-2017 20:07:13.935 信息 [main] org.apache.catalina.startup.VersionLoggerListener.log Command line argument: -Djava.io.tmpdir=D:\workspace\apache-tomcat-9.0.0.M26\temp
26-Aug-2017 20:07:13.935 信息 [main] org.apache.catalina.core.AprLifecycleListener.lifecycleEvent Loaded APR based Apache Tomcat Native library [1.2.12] using APR version [1.5.2].
26-Aug-2017 20:07:13.935 信息 [main] org.apache.catalina.core.AprLifecycleListener.lifecycleEvent APR capabilities: IPv6 [true], sendfile [true], accept filters [false], random [true].
26-Aug-2017 20:07:13.935 信息 [main] org.apache.catalina.core.AprLifecycleListener.lifecycleEvent APR/OpenSSL configuration: useAprConnector [false], useOpenSSL [true]
26-Aug-2017 20:07:14.795 信息 [main] org.apache.catalina.core.AprLifecycleListener.initializeSSL OpenSSL successfully initialized [OpenSSL 1.0.2k  26 Jan 2017]
26-Aug-2017 20:07:14.951 信息 [main] org.apache.coyote.AbstractProtocol.init Initializing ProtocolHandler ["http-nio-8080"]
26-Aug-2017 20:07:15.140 信息 [main] org.apache.tomcat.util.net.NioSelectorPool.getSharedSelector Using a shared selector for servlet write/read
26-Aug-2017 20:07:15.140 信息 [main] org.apache.coyote.AbstractProtocol.init Initializing ProtocolHandler ["ajp-nio-8009"]
26-Aug-2017 20:07:15.140 信息 [main] org.apache.tomcat.util.net.NioSelectorPool.getSharedSelector Using a shared selector for servlet write/read
26-Aug-2017 20:07:15.140 信息 [main] org.apache.catalina.startup.Catalina.load Initialization processed in 1678 ms
26-Aug-2017 20:07:15.172 信息 [main] org.apache.catalina.core.StandardService.startInternal Starting service [Catalina]
26-Aug-2017 20:07:15.172 信息 [main] org.apache.catalina.core.StandardEngine.startInternal Starting Servlet Engine: Apache Tomcat/9.0.0.M26
26-Aug-2017 20:07:15.172 信息 [main] org.apache.catalina.startup.HostConfig.deployDirectory Deploying web application directory [D:\workspace\apache-tomcat-9.0.0.M26\webapps\docs]
26-Aug-2017 20:07:15.546 信息 [main] org.apache.catalina.startup.HostConfig.deployDirectory Deployment of web application directory [D:\workspace\apache-tomcat-9.0.0.M26\webapps\docs] has finished in [374] ms
26-Aug-2017 20:07:15.546 信息 [main] org.apache.catalina.startup.HostConfig.deployDirectory Deploying web application directory [D:\workspace\apache-tomcat-9.0.0.M26\webapps\examples]
26-Aug-2017 20:07:15.936 信息 [main] org.apache.catalina.startup.HostConfig.deployDirectory Deployment of web application directory [D:\workspace\apache-tomcat-9.0.0.M26\webapps\examples] has finished in [390] ms
26-Aug-2017 20:07:15.936 信息 [main] org.apache.catalina.startup.HostConfig.deployDirectory Deploying web application directory [D:\workspace\apache-tomcat-9.0.0.M26\webapps\host-manager]
26-Aug-2017 20:07:15.983 信息 [main] org.apache.catalina.startup.HostConfig.deployDirectory Deployment of web application directory [D:\workspace\apache-tomcat-9.0.0.M26\webapps\host-manager] has finished in [47] ms
26-Aug-2017 20:07:15.983 信息 [main] org.apache.catalina.startup.HostConfig.deployDirectory Deploying web application directory [D:\workspace\apache-tomcat-9.0.0.M26\webapps\manager]
26-Aug-2017 20:07:16.014 信息 [main] org.apache.catalina.startup.HostConfig.deployDirectory Deployment of web application directory [D:\workspace\apache-tomcat-9.0.0.M26\webapps\manager] has finished in [31] ms
26-Aug-2017 20:07:16.014 信息 [main] org.apache.catalina.startup.HostConfig.deployDirectory Deploying web application directory [D:\workspace\apache-tomcat-9.0.0.M26\webapps\ROOT]
26-Aug-2017 20:07:16.030 信息 [main] org.apache.catalina.startup.HostConfig.deployDirectory Deployment of web application directory [D:\workspace\apache-tomcat-9.0.0.M26\webapps\ROOT] has finished in [16] ms
26-Aug-2017 20:07:16.045 信息 [main] org.apache.coyote.AbstractProtocol.start Starting ProtocolHandler ["http-nio-8080"]
26-Aug-2017 20:07:16.061 信息 [main] org.apache.coyote.AbstractProtocol.start Starting ProtocolHandler ["ajp-nio-8009"]
26-Aug-2017 20:07:16.061 信息 [main] org.apache.catalina.startup.Catalina.start Server startup in 921 ms
26-Aug-2017 20:19:16.602 信息 [ContainerBackgroundProcessor[StandardEngine[Catalina]]] org.apache.catalina.startup.HostConfig.deployDirectory Deploying web application directory [D:\workspace\apache-tomcat-9.0.0.M26\webapps\download]
26-Aug-2017 20:19:16.649 信息 [ContainerBackgroundProcessor[StandardEngine[Catalina]]] org.apache.catalina.startup.HostConfig.deployDirectory Deployment of web application directory [D:\workspace\apache-tomcat-9.0.0.M26\webapps\download] has finished in [47] ms
26-Aug-2017 20:19:36.662 信息 [ContainerBackgroundProcessor[StandardEngine[Catalina]]] org.apache.catalina.startup.HostConfig.deployDirectory Deploying web application directory [D:\workspace\apache-tomcat-9.0.0.M26\webapps\GameServer]
26-Aug-2017 20:19:37.163 信息 [ContainerBackgroundProcessor[StandardEngine[Catalina]]] org.apache.jasper.servlet.TldScanner.scanJars At least one JAR was scanned for TLDs yet contained no TLDs. Enable debug logging for this logger for a complete list of JARs that were scanned but no TLDs were found in them. Skipping unneeded JARs during scanning can improve startup time and JSP compilation time.
26-Aug-2017 20:19:37.163 严重 [ContainerBackgroundProcessor[StandardEngine[Catalina]]] org.apache.catalina.core.StandardContext.startInternal One or more listeners failed to start. Full details will be found in the appropriate container log file
26-Aug-2017 20:19:37.163 严重 [ContainerBackgroundProcessor[StandardEngine[Catalina]]] org.apache.catalina.core.StandardContext.startInternal Context [/GameServer] startup failed due to previous errors
26-Aug-2017 20:19:37.179 信息 [ContainerBackgroundProcessor[StandardEngine[Catalina]]] org.apache.catalina.startup.HostConfig.deployDirectory Deployment of web application directory [D:\workspace\apache-tomcat-9.0.0.M26\webapps\GameServer] has finished in [517] ms
26-Aug-2017 20:20:37.241 信息 [ContainerBackgroundProcessor[StandardEngine[Catalina]]] org.apache.catalina.startup.HostConfig.deployDirectory Deploying web application directory [D:\workspace\apache-tomcat-9.0.0.M26\webapps\SoundServer]
26-Aug-2017 20:20:37.783 信息 [ContainerBackgroundProcessor[StandardEngine[Catalina]]] org.apache.jasper.servlet.TldScanner.scanJars At least one JAR was scanned for TLDs yet contained no TLDs. Enable debug logging for this logger for a complete list of JARs that were scanned but no TLDs were found in them. Skipping unneeded JARs during scanning can improve startup time and JSP compilation time.
26-Aug-2017 20:20:37.783 严重 [ContainerBackgroundProcessor[StandardEngine[Catalina]]] org.apache.catalina.core.StandardContext.startInternal One or more listeners failed to start. Full details will be found in the appropriate container log file
26-Aug-2017 20:20:37.783 严重 [ContainerBackgroundProcessor[StandardEngine[Catalina]]] org.apache.catalina.core.StandardContext.startInternal Context [/SoundServer] startup failed due to previous errors
26-Aug-2017 20:20:37.783 信息 [ContainerBackgroundProcessor[StandardEngine[Catalina]]] org.apache.catalina.startup.HostConfig.deployDirectory Deployment of web application directory [D:\workspace\apache-tomcat-9.0.0.M26\webapps\SoundServer] has finished in [542] ms
26-Aug-2017 20:20:37.783 信息 [ContainerBackgroundProcessor[StandardEngine[Catalina]]] org.apache.catalina.startup.HostConfig.deployDirectory Deploying web application directory [D:\workspace\apache-tomcat-9.0.0.M26\webapps\xxadmin]
26-Aug-2017 20:20:39.795 信息 [ContainerBackgroundProcessor[StandardEngine[Catalina]]] org.apache.jasper.servlet.TldScanner.scanJars At least one JAR was scanned for TLDs yet contained no TLDs. Enable debug logging for this logger for a complete list of JARs that were scanned but no TLDs were found in them. Skipping unneeded JARs during scanning can improve startup time and JSP compilation time.
log4j:WARN custom level class [# 输出info级别以上的日志] not found.
log4j:WARN File option not set for appender [D].
log4j:WARN Are you using FileAppender instead of ConsoleAppender?
log4j:ERROR Either File or DatePattern options are not set for appender [D].
2017-08-26 20:20:39,935 [ContainerBackgroundProcessor[StandardEngine[Catalina]]] INFO  [org.springframework.web.context.ContextLoader] - Root WebApplicationContext: initialization started
log4j:ERROR No output stream or file set for the appender named [D].
2017-08-26 20:20:40,060 [ContainerBackgroundProcessor[StandardEngine[Catalina]]] INFO  [org.springframework.web.context.support.XmlWebApplicationContext] - Refreshing Root WebApplicationContext: startup date [Sat Aug 26 20:20:40 CST 2017]; root of context hierarchy
2017-08-26 20:20:40,127 [ContainerBackgroundProcessor[StandardEngine[Catalina]]] INFO  [org.springframework.beans.factory.xml.XmlBeanDefinitionReader] - Loading XML bean definitions from URL [file:/D:/workspace/apache-tomcat-9.0.0.M26/webapps/xxadmin/WEB-INF/classes/config/applicationContext.xml]
2017-08-26 20:20:40,782 [ContainerBackgroundProcessor[StandardEngine[Catalina]]] INFO  [com.mchange.v2.log.MLog] - MLog clients using log4j logging.
2017-08-26 20:20:40,797 [ContainerBackgroundProcessor[StandardEngine[Catalina]]] INFO  [com.mchange.v2.c3p0.C3P0Registry] - Initializing c3p0-0.9.0.4 [built 23-January-2006 22:20:29 -0500; debug? true; trace: 10]
2017-08-26 20:20:41,143 [ContainerBackgroundProcessor[StandardEngine[Catalina]]] INFO  [com.mchange.v2.c3p0.PoolBackedDataSource] - Initializing c3p0 pool... com.mchange.v2.c3p0.ComboPooledDataSource@5a943944[ acquireIncrement -> 3, acquireRetryAttempts -> 30, acquireRetryDelay -> 1000, autoCommitOnClose -> false, automaticTestTable -> null, breakAfterAcquireFailure -> false, checkoutTimeout -> 0, connectionTesterClassName -> com.mchange.v2.c3p0.impl.DefaultConnectionTester, description -> null, driverClass -> com.mysql.jdbc.Driver, factoryClassLocation -> null, forceIgnoreUnresolvedTransactions -> false, identityToken -> 5a943944, idleConnectionTestPeriod -> -1, initialPoolSize -> 2, jdbcUrl -> jdbc:mysql://localhost:3306/roledata?zeroDateTimeBehavior=convertToNull, loginTimeout -> 0, maxIdleTime -> 20, maxPoolSize -> 20, maxStatements -> 0, maxStatementsPerConnection -> 0, minPoolSize -> 2, numHelperThreads -> 3, preferredTestQuery -> null, properties -> {user=******, password=******}, propertyCycle -> 300, testConnectionOnCheckin -> false, testConnectionOnCheckout -> false, usesTraditionalReflectiveProxies -> false ]
26-Aug-2017 20:21:02.221 信息 [main] org.apache.catalina.core.StandardServer.await A valid shutdown command was received via the shutdown port. Stopping the Server instance.
26-Aug-2017 20:21:02.221 信息 [main] org.apache.coyote.AbstractProtocol.pause Pausing ProtocolHandler ["http-nio-8080"]
26-Aug-2017 20:21:02.393 信息 [main] org.apache.coyote.AbstractProtocol.pause Pausing ProtocolHandler ["ajp-nio-8009"]
26-Aug-2017 20:21:02.518 信息 [main] org.apache.catalina.core.StandardService.stopInternal Stopping service [Catalina]
2017-08-26 20:21:02,518 [ContainerBackgroundProcessor[StandardEngine[Catalina]]] WARN  [com.mchange.v2.resourcepool.BasicResourcePool] - com.mchange.v2.resourcepool.BasicResourcePool@80eab03 -- an attempt to checkout a resource was interrupted, and the pool is still live: some other thread must have either interrupted the Thread attempting checkout!
java.lang.InterruptedException
	at java.lang.Object.wait(Native Method)
	at com.mchange.v2.resourcepool.BasicResourcePool.awaitAcquire(BasicResourcePool.java:968)
	at com.mchange.v2.resourcepool.BasicResourcePool.checkoutResource(BasicResourcePool.java:208)
	at com.mchange.v2.c3p0.impl.C3P0PooledConnectionPool.checkoutPooledConnection(C3P0PooledConnectionPool.java:260)
	at com.mchange.v2.c3p0.PoolBackedDataSource.getConnection(PoolBackedDataSource.java:94)
	at com.mchange.v2.c3p0.ComboPooledDataSource.getConnection(ComboPooledDataSource.java:521)
	at org.apache.ibatis.mapping.VendorDatabaseIdProvider.getDatabaseProductName(VendorDatabaseIdProvider.java:76)
	at org.apache.ibatis.mapping.VendorDatabaseIdProvider.getDatabaseName(VendorDatabaseIdProvider.java:61)
	at org.apache.ibatis.mapping.VendorDatabaseIdProvider.getDatabaseId(VendorDatabaseIdProvider.java:49)
	at org.mybatis.spring.SqlSessionFactoryBean.buildSqlSessionFactory(SqlSessionFactoryBean.java:449)
	at org.mybatis.spring.SqlSessionFactoryBean.afterPropertiesSet(SqlSessionFactoryBean.java:340)
	at org.springframework.beans.factory.support.AbstractAutowireCapableBeanFactory.invokeInitMethods(AbstractAutowireCapableBeanFactory.java:1612)
	at org.springframework.beans.factory.support.AbstractAutowireCapableBeanFactory.initializeBean(AbstractAutowireCapableBeanFactory.java:1549)
	at org.springframework.beans.factory.support.AbstractAutowireCapableBeanFactory.doCreateBean(AbstractAutowireCapableBeanFactory.java:539)
	at org.springframework.beans.factory.support.AbstractAutowireCapableBeanFactory.createBean(AbstractAutowireCapableBeanFactory.java:475)
	at org.springframework.beans.factory.support.AbstractBeanFactory$1.getObject(AbstractBeanFactory.java:304)
	at org.springframework.beans.factory.support.DefaultSingletonBeanRegistry.getSingleton(DefaultSingletonBeanRegistry.java:228)
	at org.springframework.beans.factory.support.AbstractBeanFactory.doGetBean(AbstractBeanFactory.java:300)
	at org.springframework.beans.factory.support.AbstractBeanFactory.getBean(AbstractBeanFactory.java:195)
	at org.springframework.beans.factory.support.BeanDefinitionValueResolver.resolveReference(BeanDefinitionValueResolver.java:320)
	at org.springframework.beans.factory.support.BeanDefinitionValueResolver.resolveValueIfNecessary(BeanDefinitionValueResolver.java:107)
	at org.springframework.beans.factory.support.AbstractAutowireCapableBeanFactory.applyPropertyValues(AbstractAutowireCapableBeanFactory.java:1456)
	at org.springframework.beans.factory.support.AbstractAutowireCapableBeanFactory.populateBean(AbstractAutowireCapableBeanFactory.java:1197)
	at org.springframework.beans.factory.support.AbstractAutowireCapableBeanFactory.doCreateBean(AbstractAutowireCapableBeanFactory.java:537)
	at org.springframework.beans.factory.support.AbstractAutowireCapableBeanFactory.createBean(AbstractAutowireCapableBeanFactory.java:475)
	at org.springframework.beans.factory.support.AbstractBeanFactory$1.getObject(AbstractBeanFactory.java:304)
	at org.springframework.beans.factory.support.DefaultSingletonBeanRegistry.getSingleton(DefaultSingletonBeanRegistry.java:228)
	at org.springframework.beans.factory.support.AbstractBeanFactory.doGetBean(AbstractBeanFactory.java:300)
	at org.springframework.beans.factory.support.AbstractBeanFactory.getBean(AbstractBeanFactory.java:200)
	at org.springframework.context.support.PostProcessorRegistrationDelegate.invokeBeanFactoryPostProcessors(PostProcessorRegistrationDelegate.java:116)
	at org.springframework.context.support.AbstractApplicationContext.invokeBeanFactoryPostProcessors(AbstractApplicationContext.java:609)
	at org.springframework.context.support.AbstractApplicationContext.refresh(AbstractApplicationContext.java:464)
	at org.springframework.web.context.ContextLoader.configureAndRefreshWebApplicationContext(ContextLoader.java:381)
	at org.springframework.web.context.ContextLoader.initWebApplicationContext(ContextLoader.java:293)
	at org.springframework.web.context.ContextLoaderListener.contextInitialized(ContextLoaderListener.java:106)
	at org.apache.catalina.core.StandardContext.listenerStart(StandardContext.java:4643)
	at org.apache.catalina.core.StandardContext.startInternal(StandardContext.java:5105)
	at org.apache.catalina.util.LifecycleBase.start(LifecycleBase.java:183)
	at org.apache.catalina.core.ContainerBase.addChildInternal(ContainerBase.java:740)
	at org.apache.catalina.core.ContainerBase.addChild(ContainerBase.java:716)
	at org.apache.catalina.core.StandardHost.addChild(StandardHost.java:703)
	at org.apache.catalina.startup.HostConfig.deployDirectory(HostConfig.java:1134)
	at org.apache.catalina.startup.HostConfig$DeployDirectory.run(HostConfig.java:1868)
	at java.util.concurrent.Executors$RunnableAdapter.call(Executors.java:511)
	at java.util.concurrent.FutureTask.run(FutureTask.java:266)
	at org.apache.tomcat.util.threads.InlineExecutorService.execute(InlineExecutorService.java:75)
	at java.util.concurrent.AbstractExecutorService.submit(AbstractExecutorService.java:112)
	at org.apache.catalina.startup.HostConfig.deployDirectories(HostConfig.java:1045)
	at org.apache.catalina.startup.HostConfig.deployApps(HostConfig.java:433)
	at org.apache.catalina.startup.HostConfig.check(HostConfig.java:1622)
	at org.apache.catalina.startup.HostConfig.lifecycleEvent(HostConfig.java:304)
	at org.apache.catalina.util.LifecycleBase.fireLifecycleEvent(LifecycleBase.java:123)
	at org.apache.catalina.core.ContainerBase.backgroundProcess(ContainerBase.java:1172)
	at org.apache.catalina.core.ContainerBase$ContainerBackgroundProcessor.processChildren(ContainerBase.java:1394)
	at org.apache.catalina.core.ContainerBase$ContainerBackgroundProcessor.processChildren(ContainerBase.java:1398)
	at org.apache.catalina.core.ContainerBase$ContainerBackgroundProcessor.run(ContainerBase.java:1366)
	at java.lang.Thread.run(Thread.java:745)
2017-08-26 20:21:02,533 [ContainerBackgroundProcessor[StandardEngine[Catalina]]] ERROR [org.apache.ibatis.executor.BaseExecutor] - Could not get a databaseId from dataSource
java.sql.SQLException: An SQLException was provoked by the following failure: java.lang.InterruptedException
	at com.mchange.v2.sql.SqlUtils.toSQLException(SqlUtils.java:104)
	at com.mchange.v2.sql.SqlUtils.toSQLException(SqlUtils.java:65)
	at com.mchange.v2.sql.SqlUtils.toSQLException(SqlUtils.java:62)
	at com.mchange.v2.c3p0.impl.C3P0PooledConnectionPool.checkoutPooledConnection(C3P0PooledConnectionPool.java:266)
	at com.mchange.v2.c3p0.PoolBackedDataSource.getConnection(PoolBackedDataSource.java:94)
	at com.mchange.v2.c3p0.ComboPooledDataSource.getConnection(ComboPooledDataSource.java:521)
	at org.apache.ibatis.mapping.VendorDatabaseIdProvider.getDatabaseProductName(VendorDatabaseIdProvider.java:76)
	at org.apache.ibatis.mapping.VendorDatabaseIdProvider.getDatabaseName(VendorDatabaseIdProvider.java:61)
	at org.apache.ibatis.mapping.VendorDatabaseIdProvider.getDatabaseId(VendorDatabaseIdProvider.java:49)
	at org.mybatis.spring.SqlSessionFactoryBean.buildSqlSessionFactory(SqlSessionFactoryBean.java:449)
	at org.mybatis.spring.SqlSessionFactoryBean.afterPropertiesSet(SqlSessionFactoryBean.java:340)
	at org.springframework.beans.factory.support.AbstractAutowireCapableBeanFactory.invokeInitMethods(AbstractAutowireCapableBeanFactory.java:1612)
	at org.springframework.beans.factory.support.AbstractAutowireCapableBeanFactory.initializeBean(AbstractAutowireCapableBeanFactory.java:1549)
	at org.springframework.beans.factory.support.AbstractAutowireCapableBeanFactory.doCreateBean(AbstractAutowireCapableBeanFactory.java:539)
	at org.springframework.beans.factory.support.AbstractAutowireCapableBeanFactory.createBean(AbstractAutowireCapableBeanFactory.java:475)
	at org.springframework.beans.factory.support.AbstractBeanFactory$1.getObject(AbstractBeanFactory.java:304)
	at org.springframework.beans.factory.support.DefaultSingletonBeanRegistry.getSingleton(DefaultSingletonBeanRegistry.java:228)
	at org.springframework.beans.factory.support.AbstractBeanFactory.doGetBean(AbstractBeanFactory.java:300)
	at org.springframework.beans.factory.support.AbstractBeanFactory.getBean(AbstractBeanFactory.java:195)
	at org.springframework.beans.factory.support.BeanDefinitionValueResolver.resolveReference(BeanDefinitionValueResolver.java:320)
	at org.springframework.beans.factory.support.BeanDefinitionValueResolver.resolveValueIfNecessary(BeanDefinitionValueResolver.java:107)
	at org.springframework.beans.factory.support.AbstractAutowireCapableBeanFactory.applyPropertyValues(AbstractAutowireCapableBeanFactory.java:1456)
	at org.springframework.beans.factory.support.AbstractAutowireCapableBeanFactory.populateBean(AbstractAutowireCapableBeanFactory.java:1197)
	at org.springframework.beans.factory.support.AbstractAutowireCapableBeanFactory.doCreateBean(AbstractAutowireCapableBeanFactory.java:537)
	at org.springframework.beans.factory.support.AbstractAutowireCapableBeanFactory.createBean(AbstractAutowireCapableBeanFactory.java:475)
	at org.springframework.beans.factory.support.AbstractBeanFactory$1.getObject(AbstractBeanFactory.java:304)
	at org.springframework.beans.factory.support.DefaultSingletonBeanRegistry.getSingleton(DefaultSingletonBeanRegistry.java:228)
	at org.springframework.beans.factory.support.AbstractBeanFactory.doGetBean(AbstractBeanFactory.java:300)
	at org.springframework.beans.factory.support.AbstractBeanFactory.getBean(AbstractBeanFactory.java:200)
	at org.springframework.context.support.PostProcessorRegistrationDelegate.invokeBeanFactoryPostProcessors(PostProcessorRegistrationDelegate.java:116)
	at org.springframework.context.support.AbstractApplicationContext.invokeBeanFactoryPostProcessors(AbstractApplicationContext.java:609)
	at org.springframework.context.support.AbstractApplicationContext.refresh(AbstractApplicationContext.java:464)
	at org.springframework.web.context.ContextLoader.configureAndRefreshWebApplicationContext(ContextLoader.java:381)
	at org.springframework.web.context.ContextLoader.initWebApplicationContext(ContextLoader.java:293)
	at org.springframework.web.context.ContextLoaderListener.contextInitialized(ContextLoaderListener.java:106)
	at org.apache.catalina.core.StandardContext.listenerStart(StandardContext.java:4643)
	at org.apache.catalina.core.StandardContext.startInternal(StandardContext.java:5105)
	at org.apache.catalina.util.LifecycleBase.start(LifecycleBase.java:183)
	at org.apache.catalina.core.ContainerBase.addChildInternal(ContainerBase.java:740)
	at org.apache.catalina.core.ContainerBase.addChild(ContainerBase.java:716)
	at org.apache.catalina.core.StandardHost.addChild(StandardHost.java:703)
	at org.apache.catalina.startup.HostConfig.deployDirectory(HostConfig.java:1134)
	at org.apache.catalina.startup.HostConfig$DeployDirectory.run(HostConfig.java:1868)
	at java.util.concurrent.Executors$RunnableAdapter.call(Executors.java:511)
	at java.util.concurrent.FutureTask.run(FutureTask.java:266)
	at org.apache.tomcat.util.threads.InlineExecutorService.execute(InlineExecutorService.java:75)
	at java.util.concurrent.AbstractExecutorService.submit(AbstractExecutorService.java:112)
	at org.apache.catalina.startup.HostConfig.deployDirectories(HostConfig.java:1045)
	at org.apache.catalina.startup.HostConfig.deployApps(HostConfig.java:433)
	at org.apache.catalina.startup.HostConfig.check(HostConfig.java:1622)
	at org.apache.catalina.startup.HostConfig.lifecycleEvent(HostConfig.java:304)
	at org.apache.catalina.util.LifecycleBase.fireLifecycleEvent(LifecycleBase.java:123)
	at org.apache.catalina.core.ContainerBase.backgroundProcess(ContainerBase.java:1172)
	at org.apache.catalina.core.ContainerBase$ContainerBackgroundProcessor.processChildren(ContainerBase.java:1394)
	at org.apache.catalina.core.ContainerBase$ContainerBackgroundProcessor.processChildren(ContainerBase.java:1398)
	at org.apache.catalina.core.ContainerBase$ContainerBackgroundProcessor.run(ContainerBase.java:1366)
	at java.lang.Thread.run(Thread.java:745)
Caused by: java.lang.InterruptedException
	at java.lang.Object.wait(Native Method)
	at com.mchange.v2.resourcepool.BasicResourcePool.awaitAcquire(BasicResourcePool.java:968)
	at com.mchange.v2.resourcepool.BasicResourcePool.checkoutResource(BasicResourcePool.java:208)
	at com.mchange.v2.c3p0.impl.C3P0PooledConnectionPool.checkoutPooledConnection(C3P0PooledConnectionPool.java:260)
	... 53 more
2017-08-26 20:21:03,238 [ContainerBackgroundProcessor[StandardEngine[Catalina]]] INFO  [org.springframework.web.context.ContextLoader] - Root WebApplicationContext: initialization completed in 23303 ms
2017-08-26 20:21:03,269 [ContainerBackgroundProcessor[StandardEngine[Catalina]]] INFO  [org.springframework.web.servlet.DispatcherServlet] - FrameworkServlet 'springMVC': initialization started
2017-08-26 20:21:03,285 [ContainerBackgroundProcessor[StandardEngine[Catalina]]] INFO  [org.springframework.web.context.support.XmlWebApplicationContext] - Refreshing WebApplicationContext for namespace 'springMVC-servlet': startup date [Sat Aug 26 20:21:03 CST 2017]; parent: Root WebApplicationContext
2017-08-26 20:21:03,285 [ContainerBackgroundProcessor[StandardEngine[Catalina]]] INFO  [org.springframework.beans.factory.xml.XmlBeanDefinitionReader] - Loading XML bean definitions from URL [file:/D:/workspace/apache-tomcat-9.0.0.M26/webapps/xxadmin/WEB-INF/classes/config/spring-mvc.xml]
2017-08-26 20:21:03,573 [ContainerBackgroundProcessor[StandardEngine[Catalina]]] INFO  [org.springframework.web.servlet.mvc.method.annotation.RequestMappingHandlerMapping] - Mapped "{[/controller/manager/login],methods=[],params=[],headers=[],consumes=[],produces=[],custom=[]}" onto public void com.weipai.controller.ManagerController.login(javax.servlet.http.HttpServletRequest,javax.servlet.http.HttpServletResponse)
2017-08-26 20:21:03,573 [ContainerBackgroundProcessor[StandardEngine[Catalina]]] INFO  [org.springframework.web.servlet.mvc.method.annotation.RequestMappingHandlerMapping] - Mapped "{[/controller/manager/logout ],methods=[],params=[],headers=[],consumes=[],produces=[],custom=[]}" onto public void com.weipai.controller.ManagerController.logout(javax.servlet.http.HttpServletRequest,javax.servlet.http.HttpServletResponse)
2017-08-26 20:21:03,573 [ContainerBackgroundProcessor[StandardEngine[Catalina]]] INFO  [org.springframework.web.servlet.mvc.method.annotation.RequestMappingHandlerMapping] - Mapped "{[/controller/manager/updateManagerInfo ],methods=[],params=[],headers=[],consumes=[],produces=[],custom=[]}" onto public void com.weipai.controller.ManagerController.updateManagerInfo(javax.servlet.http.HttpServletRequest,javax.servlet.http.HttpServletResponse)
2017-08-26 20:21:03,573 [ContainerBackgroundProcessor[StandardEngine[Catalina]]] INFO  [org.springframework.web.servlet.mvc.method.annotation.RequestMappingHandlerMapping] - Mapped "{[/controller/manager/selectAllProxyByMyself],methods=[],params=[],headers=[],consumes=[],produces=[],custom=[]}" onto public void com.weipai.controller.ManagerController.selectAllProxyByMyself(javax.servlet.http.HttpServletRequest,javax.servlet.http.HttpServletResponse)
2017-08-26 20:21:03,573 [ContainerBackgroundProcessor[StandardEngine[Catalina]]] INFO  [org.springframework.web.servlet.mvc.method.annotation.RequestMappingHandlerMapping] - Mapped "{[/controller/manager/selectAllLogByMyself],methods=[],params=[],headers=[],consumes=[],produces=[],custom=[]}" onto public void com.weipai.controller.ManagerController.selectAllLogByMyself(javax.servlet.http.HttpServletRequest,javax.servlet.http.HttpServletResponse)
2017-08-26 20:21:03,573 [ContainerBackgroundProcessor[StandardEngine[Catalina]]] INFO  [org.springframework.web.servlet.mvc.method.annotation.RequestMappingHandlerMapping] - Mapped "{[/controller/manager/addActualCardToAccount],methods=[],params=[],headers=[],consumes=[],produces=[],custom=[]}" onto public void com.weipai.controller.ManagerController.addActualCardToAccount(javax.servlet.http.HttpServletRequest,javax.servlet.http.HttpServletResponse)
2017-08-26 20:21:03,589 [ContainerBackgroundProcessor[StandardEngine[Catalina]]] INFO  [org.springframework.web.servlet.mvc.method.annotation.RequestMappingHandlerMapping] - Mapped "{[/controller/manager/deleteProxyAccount],methods=[],params=[],headers=[],consumes=[],produces=[],custom=[]}" onto public void com.weipai.controller.ManagerController.deleteProxyAccount(javax.servlet.http.HttpServletRequest,javax.servlet.http.HttpServletResponse)
2017-08-26 20:21:03,589 [ContainerBackgroundProcessor[StandardEngine[Catalina]]] INFO  [org.springframework.web.servlet.mvc.method.annotation.RequestMappingHandlerMapping] - Mapped "{[/controller/manager/searchAccountByUuid ],methods=[],params=[],headers=[],consumes=[],produces=[],custom=[]}" onto public void com.weipai.controller.ManagerController.searchAccountByUuid(javax.servlet.http.HttpServletRequest,javax.servlet.http.HttpServletResponse)
2017-08-26 20:21:03,589 [ContainerBackgroundProcessor[StandardEngine[Catalina]]] INFO  [org.springframework.web.servlet.mvc.method.annotation.RequestMappingHandlerMapping] - Mapped "{[/controller/manager/searchManagerByTel ],methods=[],params=[],headers=[],consumes=[],produces=[],custom=[]}" onto public void com.weipai.controller.ManagerController.searchManagerByTel(javax.servlet.http.HttpServletRequest,javax.servlet.http.HttpServletResponse)
2017-08-26 20:21:03,589 [ContainerBackgroundProcessor[StandardEngine[Catalina]]] INFO  [org.springframework.web.servlet.mvc.method.annotation.RequestMappingHandlerMapping] - Mapped "{[/controller/manager/reduceManagerRoomCard ],methods=[],params=[],headers=[],consumes=[],produces=[],custom=[]}" onto public void com.weipai.controller.ManagerController.reduceManagerRoomCard(javax.servlet.http.HttpServletRequest,javax.servlet.http.HttpServletResponse)
2017-08-26 20:21:03,589 [ContainerBackgroundProcessor[StandardEngine[Catalina]]] INFO  [org.springframework.web.servlet.mvc.method.annotation.RequestMappingHandlerMapping] - Mapped "{[/controller/manager/reduceAccountRoomCard ],methods=[],params=[],headers=[],consumes=[],produces=[],custom=[]}" onto public void com.weipai.controller.ManagerController.reduceAccountRoomCard(javax.servlet.http.HttpServletRequest,javax.servlet.http.HttpServletResponse)
2017-08-26 20:21:03,589 [ContainerBackgroundProcessor[StandardEngine[Catalina]]] INFO  [org.springframework.web.servlet.mvc.method.annotation.RequestMappingHandlerMapping] - Mapped "{[/controller/manager/updateAccountStatus ],methods=[],params=[],headers=[],consumes=[],produces=[],custom=[]}" onto public void com.weipai.controller.ManagerController.updateAccountStatus(javax.servlet.http.HttpServletRequest,javax.servlet.http.HttpServletResponse)
2017-08-26 20:21:03,589 [ContainerBackgroundProcessor[StandardEngine[Catalina]]] INFO  [org.springframework.web.servlet.mvc.method.annotation.RequestMappingHandlerMapping] - Mapped "{[/controller/manager/updateManagerStatus ],methods=[],params=[],headers=[],consumes=[],produces=[],custom=[]}" onto public void com.weipai.controller.ManagerController.updateManagerStatus(javax.servlet.http.HttpServletRequest,javax.servlet.http.HttpServletResponse)
2017-08-26 20:21:03,589 [ContainerBackgroundProcessor[StandardEngine[Catalina]]] INFO  [org.springframework.web.servlet.mvc.method.annotation.RequestMappingHandlerMapping] - Mapped "{[/controller/manager/roomCardWaterCourse ],methods=[],params=[],headers=[],consumes=[],produces=[],custom=[]}" onto public void com.weipai.controller.ManagerController.roomCardWaterCourse(javax.servlet.http.HttpServletRequest,javax.servlet.http.HttpServletResponse)
2017-08-26 20:21:03,589 [ContainerBackgroundProcessor[StandardEngine[Catalina]]] INFO  [org.springframework.web.servlet.mvc.method.annotation.RequestMappingHandlerMapping] - Mapped "{[/controller/manager/operationWaterCourse ],methods=[],params=[],headers=[],consumes=[],produces=[],custom=[]}" onto public void com.weipai.controller.ManagerController.operationWaterCourse(javax.servlet.http.HttpServletRequest,javax.servlet.http.HttpServletResponse)
2017-08-26 20:21:03,589 [ContainerBackgroundProcessor[StandardEngine[Catalina]]] INFO  [org.springframework.web.servlet.mvc.method.annotation.RequestMappingHandlerMapping] - Mapped "{[/controller/manager/updateManagerPwd],methods=[],params=[],headers=[],consumes=[],produces=[],custom=[]}" onto public void com.weipai.controller.ManagerController.updateManagerPwd(javax.servlet.http.HttpServletRequest,javax.servlet.http.HttpServletResponse)
2017-08-26 20:21:03,589 [ContainerBackgroundProcessor[StandardEngine[Catalina]]] INFO  [org.springframework.web.servlet.mvc.method.annotation.RequestMappingHandlerMapping] - Mapped "{[/controller/manager/getAllGameInfos],methods=[],params=[],headers=[],consumes=[],produces=[],custom=[]}" onto public void com.weipai.controller.ManagerController.getAllGameInfos(javax.servlet.http.HttpServletRequest,javax.servlet.http.HttpServletResponse)
2017-08-26 20:21:03,589 [ContainerBackgroundProcessor[StandardEngine[Catalina]]] INFO  [org.springframework.web.servlet.mvc.method.annotation.RequestMappingHandlerMapping] - Mapped "{[/controller/manager/getAccounts],methods=[],params=[],headers=[],consumes=[],produces=[],custom=[]}" onto public void com.weipai.controller.ManagerController.getAccounts(javax.servlet.http.HttpServletRequest,javax.servlet.http.HttpServletResponse)
2017-08-26 20:21:03,589 [ContainerBackgroundProcessor[StandardEngine[Catalina]]] INFO  [org.springframework.web.servlet.mvc.method.annotation.RequestMappingHandlerMapping] - Mapped "{[/controller/manager/getManagers],methods=[],params=[],headers=[],consumes=[],produces=[],custom=[]}" onto public void com.weipai.controller.ManagerController.getManagers(javax.servlet.http.HttpServletRequest,javax.servlet.http.HttpServletResponse)
2017-08-26 20:21:03,589 [ContainerBackgroundProcessor[StandardEngine[Catalina]]] INFO  [org.springframework.web.servlet.mvc.method.annotation.RequestMappingHandlerMapping] - Mapped "{[/controller/manager/addProxyAccount],methods=[],params=[],headers=[],consumes=[],produces=[],custom=[]}" onto public void com.weipai.controller.ManagerController.addProxyAccount(javax.servlet.http.HttpServletRequest,javax.servlet.http.HttpServletResponse)
2017-08-26 20:21:03,589 [ContainerBackgroundProcessor[StandardEngine[Catalina]]] INFO  [org.springframework.web.servlet.mvc.method.annotation.RequestMappingHandlerMapping] - Mapped "{[/controller/manager/prizesInfo],methods=[],params=[],headers=[],consumes=[],produces=[],custom=[]}" onto public void com.weipai.controller.ManagerController.prizesInfo(javax.servlet.http.HttpServletRequest,javax.servlet.http.HttpServletResponse)
2017-08-26 20:21:03,589 [ContainerBackgroundProcessor[StandardEngine[Catalina]]] INFO  [org.springframework.web.servlet.mvc.method.annotation.RequestMappingHandlerMapping] - Mapped "{[/controller/manager/prizesStatus],methods=[],params=[],headers=[],consumes=[],produces=[],custom=[]}" onto public void com.weipai.controller.ManagerController.prizesStatus(javax.servlet.http.HttpServletRequest,javax.servlet.http.HttpServletResponse)
2017-08-26 20:21:03,589 [ContainerBackgroundProcessor[StandardEngine[Catalina]]] INFO  [org.springframework.web.servlet.mvc.method.annotation.RequestMappingHandlerMapping] - Mapped "{[/controller/manager/updatePrizeInfo],methods=[],params=[],headers=[],consumes=[],produces=[],custom=[]}" onto public void com.weipai.controller.ManagerController.updatePrizeInfo(javax.servlet.http.HttpServletRequest,javax.servlet.http.HttpServletResponse)
2017-08-26 20:21:03,589 [ContainerBackgroundProcessor[StandardEngine[Catalina]]] INFO  [org.springframework.web.servlet.mvc.method.annotation.RequestMappingHandlerMapping] - Mapped "{[/controller/manager/winnersInfo],methods=[],params=[],headers=[],consumes=[],produces=[],custom=[]}" onto public void com.weipai.controller.ManagerController.winnersInfo(javax.servlet.http.HttpServletRequest,javax.servlet.http.HttpServletResponse)
2017-08-26 20:21:03,589 [ContainerBackgroundProcessor[StandardEngine[Catalina]]] INFO  [org.springframework.web.servlet.mvc.method.annotation.RequestMappingHandlerMapping] - Mapped "{[/controller/manager/sendNotice],methods=[],params=[],headers=[],consumes=[],produces=[],custom=[]}" onto public void com.weipai.controller.ManagerController.sendNotice(javax.servlet.http.HttpServletRequest,javax.servlet.http.HttpServletResponse)
2017-08-26 20:21:03,589 [ContainerBackgroundProcessor[StandardEngine[Catalina]]] INFO  [org.springframework.web.servlet.mvc.method.annotation.RequestMappingHandlerMapping] - Mapped "{[/controller/manager/updatePrizeRule],methods=[],params=[],headers=[],consumes=[],produces=[],custom=[]}" onto public void com.weipai.controller.ManagerController.updatePrizeRule(javax.servlet.http.HttpServletRequest,javax.servlet.http.HttpServletResponse)
2017-08-26 20:21:03,589 [ContainerBackgroundProcessor[StandardEngine[Catalina]]] INFO  [org.springframework.web.servlet.mvc.method.annotation.RequestMappingHandlerMapping] - Mapped "{[/controller/manager/updateContactway ],methods=[],params=[],headers=[],consumes=[],produces=[],custom=[]}" onto public void com.weipai.controller.ManagerController.updateContactway(javax.servlet.http.HttpServletRequest,javax.servlet.http.HttpServletResponse)
2017-08-26 20:21:03,589 [ContainerBackgroundProcessor[StandardEngine[Catalina]]] INFO  [org.springframework.web.servlet.mvc.method.annotation.RequestMappingHandlerMapping] - Mapped "{[/controller/StringSet/updateNoticeString],methods=[],params=[],headers=[],consumes=[],produces=[],custom=[]}" onto public void com.weipai.controller.NoticeStringController.updateNoticeString(javax.servlet.http.HttpServletRequest,javax.servlet.http.HttpServletResponse)
2017-08-26 20:21:03,589 [ContainerBackgroundProcessor[StandardEngine[Catalina]]] INFO  [org.springframework.web.servlet.mvc.method.annotation.RequestMappingHandlerMapping] - Mapped "{[/controller/StringSet/deleteNoticeString],methods=[],params=[],headers=[],consumes=[],produces=[],custom=[]}" onto public void com.weipai.controller.NoticeStringController.deleteNoticeString(javax.servlet.http.HttpServletRequest,javax.servlet.http.HttpServletResponse)
2017-08-26 20:21:03,589 [ContainerBackgroundProcessor[StandardEngine[Catalina]]] INFO  [org.springframework.web.servlet.mvc.method.annotation.RequestMappingHandlerMapping] - Mapped "{[/controller/StringSet/addNoticeString],methods=[],params=[],headers=[],consumes=[],produces=[],custom=[]}" onto public void com.weipai.controller.NoticeStringController.addNoticeString(javax.servlet.http.HttpServletRequest,javax.servlet.http.HttpServletResponse)
2017-08-26 20:21:03,589 [ContainerBackgroundProcessor[StandardEngine[Catalina]]] INFO  [org.springframework.web.servlet.mvc.method.annotation.RequestMappingHandlerMapping] - Mapped "{[/uploadAndDown/uploadImg],methods=[],params=[],headers=[],consumes=[],produces=[],custom=[]}" onto public void com.weipai.controller.UploadAndDownController.uploadImg(javax.servlet.http.HttpServletRequest,javax.servlet.http.HttpServletResponse) throws java.lang.IllegalStateException,java.io.IOException
2017-08-26 20:21:03,994 [ContainerBackgroundProcessor[StandardEngine[Catalina]]] INFO  [org.springframework.web.servlet.handler.SimpleUrlHandlerMapping] - Mapped URL path [/images/**] onto handler 'org.springframework.web.servlet.resource.ResourceHttpRequestHandler#0'
2017-08-26 20:21:03,994 [ContainerBackgroundProcessor[StandardEngine[Catalina]]] INFO  [org.springframework.web.servlet.handler.SimpleUrlHandlerMapping] - Mapped URL path [/common/**] onto handler 'org.springframework.web.servlet.resource.ResourceHttpRequestHandler#1'
2017-08-26 20:21:04,010 [ContainerBackgroundProcessor[StandardEngine[Catalina]]] INFO  [org.springframework.web.servlet.handler.SimpleUrlHandlerMapping] - Mapped URL path [/css/**] onto handler 'org.springframework.web.servlet.resource.ResourceHttpRequestHandler#2'
2017-08-26 20:21:04,026 [ContainerBackgroundProcessor[StandardEngine[Catalina]]] INFO  [org.springframework.web.servlet.handler.SimpleUrlHandlerMapping] - Mapped URL path [/fonts/**] onto handler 'org.springframework.web.servlet.resource.ResourceHttpRequestHandler#3'
2017-08-26 20:21:04,026 [ContainerBackgroundProcessor[StandardEngine[Catalina]]] INFO  [org.springframework.web.servlet.handler.SimpleUrlHandlerMapping] - Mapped URL path [/js/**] onto handler 'org.springframework.web.servlet.resource.ResourceHttpRequestHandler#4'
2017-08-26 20:21:04,105 [ContainerBackgroundProcessor[StandardEngine[Catalina]]] INFO  [org.springframework.web.servlet.DispatcherServlet] - FrameworkServlet 'springMVC': initialization completed in 836 ms
26-Aug-2017 20:21:04.110 信息 [ContainerBackgroundProcessor[StandardEngine[Catalina]]] org.apache.catalina.startup.HostConfig.deployDirectory Deployment of web application directory [D:\workspace\apache-tomcat-9.0.0.M26\webapps\xxadmin] has finished in [26,327] ms
26-Aug-2017 20:21:04.110 信息 [ContainerBackgroundProcessor[StandardEngine[Catalina]]] org.apache.catalina.startup.HostConfig.deployDirectory Deploying web application directory [D:\workspace\apache-tomcat-9.0.0.M26\webapps\数据库]
26-Aug-2017 20:21:04.131 信息 [ContainerBackgroundProcessor[StandardEngine[Catalina]]] org.apache.catalina.startup.HostConfig.deployDirectory Deployment of web application directory [D:\workspace\apache-tomcat-9.0.0.M26\webapps\数据库] has finished in [21] ms
2017-08-26 20:21:04,174 [main] INFO  [org.springframework.web.context.support.XmlWebApplicationContext] - Closing WebApplicationContext for namespace 'springMVC-servlet': startup date [Sat Aug 26 20:21:03 CST 2017]; parent: Root WebApplicationContext
log4j:WARN No appenders could be found for logger (org.springframework.web.context.support.XmlWebApplicationContext).
log4j:WARN Please initialize the log4j system properly.
log4j:WARN See http://logging.apache.org/log4j/1.2/faq.html#noconfig for more info.
26-Aug-2017 20:21:04.208 警告 [main] org.apache.catalina.loader.WebappClassLoaderBase.clearReferencesJdbc The web application [xxadmin] registered the JDBC driver [com.mysql.jdbc.Driver] but failed to unregister it when the web application was stopped. To prevent a memory leak, the JDBC Driver has been forcibly unregistered.
26-Aug-2017 20:21:04.209 警告 [main] org.apache.catalina.loader.WebappClassLoaderBase.clearReferencesThreads The web application [xxadmin] appears to have started a thread named [com.mchange.v2.async.ThreadPoolAsynchronousRunner$PoolThread-#0] but has failed to stop it. This is very likely to create a memory leak. Stack trace of thread:
 com.mchange.v2.c3p0.DriverManagerDataSource.getConnection(DriverManagerDataSource.java:88)
 com.mchange.v2.c3p0.WrapperConnectionPoolDataSource.getPooledConnection(WrapperConnectionPoolDataSource.java:109)
 com.mchange.v2.c3p0.impl.C3P0PooledConnectionPool$1.acquireResource(C3P0PooledConnectionPool.java:89)
 com.mchange.v2.resourcepool.BasicResourcePool.acquireUntil(BasicResourcePool.java:665)
 com.mchange.v2.resourcepool.BasicResourcePool.access$500(BasicResourcePool.java:32)
 com.mchange.v2.resourcepool.BasicResourcePool$AcquireTask.run(BasicResourcePool.java:1206)
 com.mchange.v2.async.ThreadPoolAsynchronousRunner$PoolThread.run(ThreadPoolAsynchronousRunner.java:368)
26-Aug-2017 20:21:04.210 警告 [main] org.apache.catalina.loader.WebappClassLoaderBase.clearReferencesThreads The web application [xxadmin] appears to have started a thread named [com.mchange.v2.async.ThreadPoolAsynchronousRunner$PoolThread-#1] but has failed to stop it. This is very likely to create a memory leak. Stack trace of thread:
 java.lang.Thread.sleep(Native Method)
 com.mchange.v2.resourcepool.BasicResourcePool$AcquireTask.run(BasicResourcePool.java:1200)
 com.mchange.v2.async.ThreadPoolAsynchronousRunner$PoolThread.run(ThreadPoolAsynchronousRunner.java:368)
26-Aug-2017 20:21:04.212 警告 [main] org.apache.catalina.loader.WebappClassLoaderBase.clearReferencesThreads The web application [xxadmin] appears to have started a thread named [com.mchange.v2.async.ThreadPoolAsynchronousRunner$PoolThread-#2] but has failed to stop it. This is very likely to create a memory leak. Stack trace of thread:
 java.net.DualStackPlainSocketImpl.connect0(Native Method)
 java.net.DualStackPlainSocketImpl.socketConnect(DualStackPlainSocketImpl.java:79)
 java.net.AbstractPlainSocketImpl.doConnect(AbstractPlainSocketImpl.java:350)
 java.net.AbstractPlainSocketImpl.connectToAddress(AbstractPlainSocketImpl.java:206)
 java.net.AbstractPlainSocketImpl.connect(AbstractPlainSocketImpl.java:188)
 java.net.PlainSocketImpl.connect(PlainSocketImpl.java:172)
 java.net.SocksSocketImpl.connect(SocksSocketImpl.java:392)
 java.net.Socket.connect(Socket.java:589)
 java.net.Socket.connect(Socket.java:538)
 java.net.Socket.<init>(Socket.java:434)
 java.net.Socket.<init>(Socket.java:244)
 com.mysql.jdbc.StandardSocketFactory.connect(StandardSocketFactory.java:253)
 com.mysql.jdbc.MysqlIO.<init>(MysqlIO.java:284)
 com.mysql.jdbc.ConnectionImpl.createNewIO(ConnectionImpl.java:2043)
 com.mysql.jdbc.ConnectionImpl.<init>(ConnectionImpl.java:723)
 com.mysql.jdbc.JDBC4Connection.<init>(JDBC4Connection.java:46)
 sun.reflect.NativeConstructorAccessorImpl.newInstance0(Native Method)
 sun.reflect.NativeConstructorAccessorImpl.newInstance(NativeConstructorAccessorImpl.java:62)
 sun.reflect.DelegatingConstructorAccessorImpl.newInstance(DelegatingConstructorAccessorImpl.java:45)
 java.lang.reflect.Constructor.newInstance(Constructor.java:423)
 com.mysql.jdbc.Util.handleNewInstance(Util.java:406)
 com.mysql.jdbc.ConnectionImpl.getInstance(ConnectionImpl.java:302)
 com.mysql.jdbc.NonRegisteringDriver.connect(NonRegisteringDriver.java:282)
 com.mchange.v2.c3p0.DriverManagerDataSource.getConnection(DriverManagerDataSource.java:88)
 com.mchange.v2.c3p0.WrapperConnectionPoolDataSource.getPooledConnection(WrapperConnectionPoolDataSource.java:109)
 com.mchange.v2.c3p0.impl.C3P0PooledConnectionPool$1.acquireResource(C3P0PooledConnectionPool.java:89)
 com.mchange.v2.resourcepool.BasicResourcePool.acquireUntil(BasicResourcePool.java:665)
 com.mchange.v2.resourcepool.BasicResourcePool.access$500(BasicResourcePool.java:32)
 com.mchange.v2.resourcepool.BasicResourcePool$AcquireTask.run(BasicResourcePool.java:1206)
 com.mchange.v2.async.ThreadPoolAsynchronousRunner$PoolThread.run(ThreadPoolAsynchronousRunner.java:368)
26-Aug-2017 20:21:04.212 警告 [main] org.apache.catalina.loader.WebappClassLoaderBase.clearReferencesThreads The web application [xxadmin] appears to have started a thread named [MySQL Statement Cancellation Timer] but has failed to stop it. This is very likely to create a memory leak. Stack trace of thread:
 java.lang.Object.wait(Native Method)
 java.lang.Object.wait(Object.java:502)
 java.util.TimerThread.mainLoop(Timer.java:526)
 java.util.TimerThread.run(Timer.java:505)
26-Aug-2017 20:21:04.222 信息 [main] org.apache.coyote.AbstractProtocol.stop Stopping ProtocolHandler ["http-nio-8080"]
26-Aug-2017 20:21:04.229 信息 [main] org.apache.coyote.AbstractProtocol.stop Stopping ProtocolHandler ["ajp-nio-8009"]
26-Aug-2017 20:21:04.235 信息 [main] org.apache.coyote.AbstractProtocol.destroy Destroying ProtocolHandler ["http-nio-8080"]
26-Aug-2017 20:21:04.237 信息 [main] org.apache.coyote.AbstractProtocol.destroy Destroying ProtocolHandler ["ajp-nio-8009"]
26-Aug-2017 20:21:21.843 信息 [main] org.apache.catalina.startup.VersionLoggerListener.log Server version:        Apache Tomcat/9.0.0.M26
26-Aug-2017 20:21:21.847 信息 [main] org.apache.catalina.startup.VersionLoggerListener.log Server built:          Aug 2 2017 20:29:05 UTC
26-Aug-2017 20:21:21.848 信息 [main] org.apache.catalina.startup.VersionLoggerListener.log Server number:         9.0.0.0
26-Aug-2017 20:21:21.848 信息 [main] org.apache.catalina.startup.VersionLoggerListener.log OS Name:               Windows 7
26-Aug-2017 20:21:21.848 信息 [main] org.apache.catalina.startup.VersionLoggerListener.log OS Version:            6.1
26-Aug-2017 20:21:21.848 信息 [main] org.apache.catalina.startup.VersionLoggerListener.log Architecture:          amd64
26-Aug-2017 20:21:21.848 信息 [main] org.apache.catalina.startup.VersionLoggerListener.log Java Home:             C:\Program Files\Java\jdk1.8.0_111\jre
26-Aug-2017 20:21:21.849 信息 [main] org.apache.catalina.startup.VersionLoggerListener.log JVM Version:           1.8.0_111-b14
26-Aug-2017 20:21:21.849 信息 [main] org.apache.catalina.startup.VersionLoggerListener.log JVM Vendor:            Oracle Corporation
26-Aug-2017 20:21:21.849 信息 [main] org.apache.catalina.startup.VersionLoggerListener.log CATALINA_BASE:         D:\workspace\apache-tomcat-9.0.0.M26
26-Aug-2017 20:21:21.849 信息 [main] org.apache.catalina.startup.VersionLoggerListener.log CATALINA_HOME:         D:\workspace\apache-tomcat-9.0.0.M26
26-Aug-2017 20:21:21.850 信息 [main] org.apache.catalina.startup.VersionLoggerListener.log Command line argument: -Djava.util.logging.config.file=D:\workspace\apache-tomcat-9.0.0.M26/conf/logging.properties
26-Aug-2017 20:21:21.850 信息 [main] org.apache.catalina.startup.VersionLoggerListener.log Command line argument: -Djava.util.logging.manager=org.apache.juli.ClassLoaderLogManager
26-Aug-2017 20:21:21.850 信息 [main] org.apache.catalina.startup.VersionLoggerListener.log Command line argument: -Djdk.tls.ephemeralDHKeySize=2048
26-Aug-2017 20:21:21.850 信息 [main] org.apache.catalina.startup.VersionLoggerListener.log Command line argument: -Djava.protocol.handler.pkgs=org.apache.catalina.webresources
26-Aug-2017 20:21:21.850 信息 [main] org.apache.catalina.startup.VersionLoggerListener.log Command line argument: -Dcatalina.base=D:\workspace\apache-tomcat-9.0.0.M26
26-Aug-2017 20:21:21.851 信息 [main] org.apache.catalina.startup.VersionLoggerListener.log Command line argument: -Dcatalina.home=D:\workspace\apache-tomcat-9.0.0.M26
26-Aug-2017 20:21:21.851 信息 [main] org.apache.catalina.startup.VersionLoggerListener.log Command line argument: -Djava.io.tmpdir=D:\workspace\apache-tomcat-9.0.0.M26\temp
26-Aug-2017 20:21:21.851 信息 [main] org.apache.catalina.core.AprLifecycleListener.lifecycleEvent Loaded APR based Apache Tomcat Native library [1.2.12] using APR version [1.5.2].
26-Aug-2017 20:21:21.851 信息 [main] org.apache.catalina.core.AprLifecycleListener.lifecycleEvent APR capabilities: IPv6 [true], sendfile [true], accept filters [false], random [true].
26-Aug-2017 20:21:21.851 信息 [main] org.apache.catalina.core.AprLifecycleListener.lifecycleEvent APR/OpenSSL configuration: useAprConnector [false], useOpenSSL [true]
26-Aug-2017 20:21:22.702 信息 [main] org.apache.catalina.core.AprLifecycleListener.initializeSSL OpenSSL successfully initialized [OpenSSL 1.0.2k  26 Jan 2017]
26-Aug-2017 20:21:22.869 信息 [main] org.apache.coyote.AbstractProtocol.init Initializing ProtocolHandler ["http-nio-8080"]
26-Aug-2017 20:21:23.071 信息 [main] org.apache.tomcat.util.net.NioSelectorPool.getSharedSelector Using a shared selector for servlet write/read
26-Aug-2017 20:21:23.075 信息 [main] org.apache.coyote.AbstractProtocol.init Initializing ProtocolHandler ["ajp-nio-8009"]
26-Aug-2017 20:21:23.078 信息 [main] org.apache.tomcat.util.net.NioSelectorPool.getSharedSelector Using a shared selector for servlet write/read
26-Aug-2017 20:21:23.078 信息 [main] org.apache.catalina.startup.Catalina.load Initialization processed in 1698 ms
26-Aug-2017 20:21:23.115 信息 [main] org.apache.catalina.core.StandardService.startInternal Starting service [Catalina]
26-Aug-2017 20:21:23.116 信息 [main] org.apache.catalina.core.StandardEngine.startInternal Starting Servlet Engine: Apache Tomcat/9.0.0.M26
26-Aug-2017 20:21:23.124 信息 [main] org.apache.catalina.startup.HostConfig.deployDirectory Deploying web application directory [D:\workspace\apache-tomcat-9.0.0.M26\webapps\docs]
26-Aug-2017 20:21:23.539 信息 [main] org.apache.catalina.startup.HostConfig.deployDirectory Deployment of web application directory [D:\workspace\apache-tomcat-9.0.0.M26\webapps\docs] has finished in [415] ms
26-Aug-2017 20:21:23.540 信息 [main] org.apache.catalina.startup.HostConfig.deployDirectory Deploying web application directory [D:\workspace\apache-tomcat-9.0.0.M26\webapps\download]
26-Aug-2017 20:21:23.594 信息 [main] org.apache.catalina.startup.HostConfig.deployDirectory Deployment of web application directory [D:\workspace\apache-tomcat-9.0.0.M26\webapps\download] has finished in [53] ms
26-Aug-2017 20:21:23.594 信息 [main] org.apache.catalina.startup.HostConfig.deployDirectory Deploying web application directory [D:\workspace\apache-tomcat-9.0.0.M26\webapps\examples]
26-Aug-2017 20:21:23.967 信息 [main] org.apache.catalina.startup.HostConfig.deployDirectory Deployment of web application directory [D:\workspace\apache-tomcat-9.0.0.M26\webapps\examples] has finished in [373] ms
26-Aug-2017 20:21:23.968 信息 [main] org.apache.catalina.startup.HostConfig.deployDirectory Deploying web application directory [D:\workspace\apache-tomcat-9.0.0.M26\webapps\GameServer]
26-Aug-2017 20:21:24.566 信息 [main] org.apache.jasper.servlet.TldScanner.scanJars At least one JAR was scanned for TLDs yet contained no TLDs. Enable debug logging for this logger for a complete list of JARs that were scanned but no TLDs were found in them. Skipping unneeded JARs during scanning can improve startup time and JSP compilation time.
26-Aug-2017 20:21:24.568 严重 [main] org.apache.catalina.core.StandardContext.startInternal One or more listeners failed to start. Full details will be found in the appropriate container log file
26-Aug-2017 20:21:24.569 严重 [main] org.apache.catalina.core.StandardContext.startInternal Context [/GameServer] startup failed due to previous errors
26-Aug-2017 20:21:24.579 信息 [main] org.apache.catalina.startup.HostConfig.deployDirectory Deployment of web application directory [D:\workspace\apache-tomcat-9.0.0.M26\webapps\GameServer] has finished in [611] ms
26-Aug-2017 20:21:24.579 信息 [main] org.apache.catalina.startup.HostConfig.deployDirectory Deploying web application directory [D:\workspace\apache-tomcat-9.0.0.M26\webapps\host-manager]
26-Aug-2017 20:21:24.617 信息 [main] org.apache.catalina.startup.HostConfig.deployDirectory Deployment of web application directory [D:\workspace\apache-tomcat-9.0.0.M26\webapps\host-manager] has finished in [38] ms
26-Aug-2017 20:21:24.618 信息 [main] org.apache.catalina.startup.HostConfig.deployDirectory Deploying web application directory [D:\workspace\apache-tomcat-9.0.0.M26\webapps\manager]
26-Aug-2017 20:21:24.647 信息 [main] org.apache.catalina.startup.HostConfig.deployDirectory Deployment of web application directory [D:\workspace\apache-tomcat-9.0.0.M26\webapps\manager] has finished in [29] ms
26-Aug-2017 20:21:24.647 信息 [main] org.apache.catalina.startup.HostConfig.deployDirectory Deploying web application directory [D:\workspace\apache-tomcat-9.0.0.M26\webapps\ROOT]
26-Aug-2017 20:21:24.667 信息 [main] org.apache.catalina.startup.HostConfig.deployDirectory Deployment of web application directory [D:\workspace\apache-tomcat-9.0.0.M26\webapps\ROOT] has finished in [19] ms
26-Aug-2017 20:21:24.667 信息 [main] org.apache.catalina.startup.HostConfig.deployDirectory Deploying web application directory [D:\workspace\apache-tomcat-9.0.0.M26\webapps\SoundServer]
26-Aug-2017 20:21:25.244 信息 [main] org.apache.jasper.servlet.TldScanner.scanJars At least one JAR was scanned for TLDs yet contained no TLDs. Enable debug logging for this logger for a complete list of JARs that were scanned but no TLDs were found in them. Skipping unneeded JARs during scanning can improve startup time and JSP compilation time.
26-Aug-2017 20:21:25.246 严重 [main] org.apache.catalina.core.StandardContext.startInternal One or more listeners failed to start. Full details will be found in the appropriate container log file
26-Aug-2017 20:21:25.247 严重 [main] org.apache.catalina.core.StandardContext.startInternal Context [/SoundServer] startup failed due to previous errors
26-Aug-2017 20:21:25.251 信息 [main] org.apache.catalina.startup.HostConfig.deployDirectory Deployment of web application directory [D:\workspace\apache-tomcat-9.0.0.M26\webapps\SoundServer] has finished in [584] ms
26-Aug-2017 20:21:25.252 信息 [main] org.apache.catalina.startup.HostConfig.deployDirectory Deploying web application directory [D:\workspace\apache-tomcat-9.0.0.M26\webapps\xxadmin]
26-Aug-2017 20:21:27.560 信息 [main] org.apache.jasper.servlet.TldScanner.scanJars At least one JAR was scanned for TLDs yet contained no TLDs. Enable debug logging for this logger for a complete list of JARs that were scanned but no TLDs were found in them. Skipping unneeded JARs during scanning can improve startup time and JSP compilation time.
log4j:WARN custom level class [# 输出info级别以上的日志] not found.
log4j:WARN File option not set for appender [D].
log4j:WARN Are you using FileAppender instead of ConsoleAppender?
log4j:ERROR Either File or DatePattern options are not set for appender [D].
2017-08-26 20:21:27,714 [main] INFO  [org.springframework.web.context.ContextLoader] - Root WebApplicationContext: initialization started
log4j:ERROR No output stream or file set for the appender named [D].
2017-08-26 20:21:27,876 [main] INFO  [org.springframework.web.context.support.XmlWebApplicationContext] - Refreshing Root WebApplicationContext: startup date [Sat Aug 26 20:21:27 CST 2017]; root of context hierarchy
2017-08-26 20:21:27,973 [main] INFO  [org.springframework.beans.factory.xml.XmlBeanDefinitionReader] - Loading XML bean definitions from URL [file:/D:/workspace/apache-tomcat-9.0.0.M26/webapps/xxadmin/WEB-INF/classes/config/applicationContext.xml]
2017-08-26 20:21:28,909 [main] INFO  [com.mchange.v2.log.MLog] - MLog clients using log4j logging.
2017-08-26 20:21:28,941 [main] INFO  [com.mchange.v2.c3p0.C3P0Registry] - Initializing c3p0-0.9.0.4 [built 23-January-2006 22:20:29 -0500; debug? true; trace: 10]
2017-08-26 20:21:29,279 [main] INFO  [com.mchange.v2.c3p0.PoolBackedDataSource] - Initializing c3p0 pool... com.mchange.v2.c3p0.ComboPooledDataSource@3d28c0af[ acquireIncrement -> 3, acquireRetryAttempts -> 30, acquireRetryDelay -> 1000, autoCommitOnClose -> false, automaticTestTable -> null, breakAfterAcquireFailure -> false, checkoutTimeout -> 0, connectionTesterClassName -> com.mchange.v2.c3p0.impl.DefaultConnectionTester, description -> null, driverClass -> com.mysql.jdbc.Driver, factoryClassLocation -> null, forceIgnoreUnresolvedTransactions -> false, identityToken -> 3d28c0af, idleConnectionTestPeriod -> -1, initialPoolSize -> 2, jdbcUrl -> jdbc:mysql://localhost:3306/roledata?zeroDateTimeBehavior=convertToNull, loginTimeout -> 0, maxIdleTime -> 20, maxPoolSize -> 20, maxStatements -> 0, maxStatementsPerConnection -> 0, minPoolSize -> 2, numHelperThreads -> 3, preferredTestQuery -> null, properties -> {user=******, password=******}, propertyCycle -> 300, testConnectionOnCheckin -> false, testConnectionOnCheckout -> false, usesTraditionalReflectiveProxies -> false ]
26-Aug-2017 20:22:31.848 信息 [main] org.apache.catalina.startup.VersionLoggerListener.log Server version:        Apache Tomcat/9.0.0.M26
26-Aug-2017 20:22:31.848 信息 [main] org.apache.catalina.startup.VersionLoggerListener.log Server built:          Aug 2 2017 20:29:05 UTC
26-Aug-2017 20:22:31.848 信息 [main] org.apache.catalina.startup.VersionLoggerListener.log Server number:         9.0.0.0
26-Aug-2017 20:22:31.848 信息 [main] org.apache.catalina.startup.VersionLoggerListener.log OS Name:               Windows 7
26-Aug-2017 20:22:31.848 信息 [main] org.apache.catalina.startup.VersionLoggerListener.log OS Version:            6.1
26-Aug-2017 20:22:31.848 信息 [main] org.apache.catalina.startup.VersionLoggerListener.log Architecture:          amd64
26-Aug-2017 20:22:31.848 信息 [main] org.apache.catalina.startup.VersionLoggerListener.log Java Home:             C:\Program Files\Java\jdk1.8.0_111\jre
26-Aug-2017 20:22:31.848 信息 [main] org.apache.catalina.startup.VersionLoggerListener.log JVM Version:           1.8.0_111-b14
26-Aug-2017 20:22:31.848 信息 [main] org.apache.catalina.startup.VersionLoggerListener.log JVM Vendor:            Oracle Corporation
26-Aug-2017 20:22:31.848 信息 [main] org.apache.catalina.startup.VersionLoggerListener.log CATALINA_BASE:         D:\workspace\apache-tomcat-9.0.0.M26
26-Aug-2017 20:22:31.848 信息 [main] org.apache.catalina.startup.VersionLoggerListener.log CATALINA_HOME:         D:\workspace\apache-tomcat-9.0.0.M26
26-Aug-2017 20:22:31.848 信息 [main] org.apache.catalina.startup.VersionLoggerListener.log Command line argument: -Djava.util.logging.config.file=D:\workspace\apache-tomcat-9.0.0.M26/conf/logging.properties
26-Aug-2017 20:22:31.848 信息 [main] org.apache.catalina.startup.VersionLoggerListener.log Command line argument: -Djava.util.logging.manager=org.apache.juli.ClassLoaderLogManager
26-Aug-2017 20:22:31.848 信息 [main] org.apache.catalina.startup.VersionLoggerListener.log Command line argument: -Djdk.tls.ephemeralDHKeySize=2048
26-Aug-2017 20:22:31.848 信息 [main] org.apache.catalina.startup.VersionLoggerListener.log Command line argument: -Djava.protocol.handler.pkgs=org.apache.catalina.webresources
26-Aug-2017 20:22:31.848 信息 [main] org.apache.catalina.startup.VersionLoggerListener.log Command line argument: -Dcatalina.base=D:\workspace\apache-tomcat-9.0.0.M26
26-Aug-2017 20:22:31.848 信息 [main] org.apache.catalina.startup.VersionLoggerListener.log Command line argument: -Dcatalina.home=D:\workspace\apache-tomcat-9.0.0.M26
26-Aug-2017 20:22:31.848 信息 [main] org.apache.catalina.startup.VersionLoggerListener.log Command line argument: -Djava.io.tmpdir=D:\workspace\apache-tomcat-9.0.0.M26\temp
26-Aug-2017 20:22:31.848 信息 [main] org.apache.catalina.core.AprLifecycleListener.lifecycleEvent Loaded APR based Apache Tomcat Native library [1.2.12] using APR version [1.5.2].
26-Aug-2017 20:22:31.848 信息 [main] org.apache.catalina.core.AprLifecycleListener.lifecycleEvent APR capabilities: IPv6 [true], sendfile [true], accept filters [false], random [true].
26-Aug-2017 20:22:31.848 信息 [main] org.apache.catalina.core.AprLifecycleListener.lifecycleEvent APR/OpenSSL configuration: useAprConnector [false], useOpenSSL [true]
26-Aug-2017 20:22:32.585 信息 [main] org.apache.catalina.core.AprLifecycleListener.initializeSSL OpenSSL successfully initialized [OpenSSL 1.0.2k  26 Jan 2017]
26-Aug-2017 20:22:32.725 信息 [main] org.apache.coyote.AbstractProtocol.init Initializing ProtocolHandler ["http-nio-8080"]
26-Aug-2017 20:22:32.897 信息 [main] org.apache.tomcat.util.net.NioSelectorPool.getSharedSelector Using a shared selector for servlet write/read
26-Aug-2017 20:22:32.912 信息 [main] org.apache.coyote.AbstractProtocol.init Initializing ProtocolHandler ["ajp-nio-8009"]
26-Aug-2017 20:22:32.912 信息 [main] org.apache.tomcat.util.net.NioSelectorPool.getSharedSelector Using a shared selector for servlet write/read
26-Aug-2017 20:22:32.912 信息 [main] org.apache.catalina.startup.Catalina.load Initialization processed in 1496 ms
26-Aug-2017 20:22:32.943 信息 [main] org.apache.catalina.core.StandardService.startInternal Starting service [Catalina]
26-Aug-2017 20:22:32.943 信息 [main] org.apache.catalina.core.StandardEngine.startInternal Starting Servlet Engine: Apache Tomcat/9.0.0.M26
26-Aug-2017 20:22:32.943 信息 [main] org.apache.catalina.startup.HostConfig.deployDirectory Deploying web application directory [D:\workspace\apache-tomcat-9.0.0.M26\webapps\docs]
26-Aug-2017 20:22:33.266 信息 [main] org.apache.catalina.startup.HostConfig.deployDirectory Deployment of web application directory [D:\workspace\apache-tomcat-9.0.0.M26\webapps\docs] has finished in [323] ms
26-Aug-2017 20:22:33.266 信息 [main] org.apache.catalina.startup.HostConfig.deployDirectory Deploying web application directory [D:\workspace\apache-tomcat-9.0.0.M26\webapps\download]
26-Aug-2017 20:22:33.314 信息 [main] org.apache.catalina.startup.HostConfig.deployDirectory Deployment of web application directory [D:\workspace\apache-tomcat-9.0.0.M26\webapps\download] has finished in [48] ms
26-Aug-2017 20:22:33.314 信息 [main] org.apache.catalina.startup.HostConfig.deployDirectory Deploying web application directory [D:\workspace\apache-tomcat-9.0.0.M26\webapps\examples]
26-Aug-2017 20:22:33.657 信息 [main] org.apache.catalina.startup.HostConfig.deployDirectory Deployment of web application directory [D:\workspace\apache-tomcat-9.0.0.M26\webapps\examples] has finished in [343] ms
26-Aug-2017 20:22:33.657 信息 [main] org.apache.catalina.startup.HostConfig.deployDirectory Deploying web application directory [D:\workspace\apache-tomcat-9.0.0.M26\webapps\GameServer]
26-Aug-2017 20:22:34.164 信息 [main] org.apache.jasper.servlet.TldScanner.scanJars At least one JAR was scanned for TLDs yet contained no TLDs. Enable debug logging for this logger for a complete list of JARs that were scanned but no TLDs were found in them. Skipping unneeded JARs during scanning can improve startup time and JSP compilation time.
26-Aug-2017 20:22:34.164 严重 [main] org.apache.catalina.core.StandardContext.startInternal One or more listeners failed to start. Full details will be found in the appropriate container log file
26-Aug-2017 20:22:34.164 严重 [main] org.apache.catalina.core.StandardContext.startInternal Context [/GameServer] startup failed due to previous errors
26-Aug-2017 20:22:34.180 信息 [main] org.apache.catalina.startup.HostConfig.deployDirectory Deployment of web application directory [D:\workspace\apache-tomcat-9.0.0.M26\webapps\GameServer] has finished in [523] ms
26-Aug-2017 20:22:34.180 信息 [main] org.apache.catalina.startup.HostConfig.deployDirectory Deploying web application directory [D:\workspace\apache-tomcat-9.0.0.M26\webapps\host-manager]
26-Aug-2017 20:22:34.211 信息 [main] org.apache.catalina.startup.HostConfig.deployDirectory Deployment of web application directory [D:\workspace\apache-tomcat-9.0.0.M26\webapps\host-manager] has finished in [31] ms
26-Aug-2017 20:22:34.211 信息 [main] org.apache.catalina.startup.HostConfig.deployDirectory Deploying web application directory [D:\workspace\apache-tomcat-9.0.0.M26\webapps\manager]
26-Aug-2017 20:22:34.242 信息 [main] org.apache.catalina.startup.HostConfig.deployDirectory Deployment of web application directory [D:\workspace\apache-tomcat-9.0.0.M26\webapps\manager] has finished in [31] ms
26-Aug-2017 20:22:34.242 信息 [main] org.apache.catalina.startup.HostConfig.deployDirectory Deploying web application directory [D:\workspace\apache-tomcat-9.0.0.M26\webapps\ROOT]
26-Aug-2017 20:22:34.259 信息 [main] org.apache.catalina.startup.HostConfig.deployDirectory Deployment of web application directory [D:\workspace\apache-tomcat-9.0.0.M26\webapps\ROOT] has finished in [17] ms
26-Aug-2017 20:22:34.259 信息 [main] org.apache.catalina.startup.HostConfig.deployDirectory Deploying web application directory [D:\workspace\apache-tomcat-9.0.0.M26\webapps\SoundServer]
26-Aug-2017 20:22:34.858 信息 [main] org.apache.jasper.servlet.TldScanner.scanJars At least one JAR was scanned for TLDs yet contained no TLDs. Enable debug logging for this logger for a complete list of JARs that were scanned but no TLDs were found in them. Skipping unneeded JARs during scanning can improve startup time and JSP compilation time.
26-Aug-2017 20:22:34.860 严重 [main] org.apache.catalina.core.StandardContext.startInternal One or more listeners failed to start. Full details will be found in the appropriate container log file
26-Aug-2017 20:22:34.860 严重 [main] org.apache.catalina.core.StandardContext.startInternal Context [/SoundServer] startup failed due to previous errors
26-Aug-2017 20:22:34.864 信息 [main] org.apache.catalina.startup.HostConfig.deployDirectory Deployment of web application directory [D:\workspace\apache-tomcat-9.0.0.M26\webapps\SoundServer] has finished in [605] ms
26-Aug-2017 20:22:34.865 信息 [main] org.apache.catalina.startup.HostConfig.deployDirectory Deploying web application directory [D:\workspace\apache-tomcat-9.0.0.M26\webapps\xxadmin]
26-Aug-2017 20:22:37.242 信息 [main] org.apache.jasper.servlet.TldScanner.scanJars At least one JAR was scanned for TLDs yet contained no TLDs. Enable debug logging for this logger for a complete list of JARs that were scanned but no TLDs were found in them. Skipping unneeded JARs during scanning can improve startup time and JSP compilation time.
log4j:WARN custom level class [# 输出info级别以上的日志] not found.
log4j:WARN File option not set for appender [D].
log4j:WARN Are you using FileAppender instead of ConsoleAppender?
log4j:ERROR Either File or DatePattern options are not set for appender [D].
2017-08-26 20:22:37,399 [main] INFO  [org.springframework.web.context.ContextLoader] - Root WebApplicationContext: initialization started
log4j:ERROR No output stream or file set for the appender named [D].
2017-08-26 20:22:37,547 [main] INFO  [org.springframework.web.context.support.XmlWebApplicationContext] - Refreshing Root WebApplicationContext: startup date [Sat Aug 26 20:22:37 CST 2017]; root of context hierarchy
2017-08-26 20:22:37,624 [main] INFO  [org.springframework.beans.factory.xml.XmlBeanDefinitionReader] - Loading XML bean definitions from URL [file:/D:/workspace/apache-tomcat-9.0.0.M26/webapps/xxadmin/WEB-INF/classes/config/applicationContext.xml]
2017-08-26 20:22:38,610 [main] INFO  [com.mchange.v2.log.MLog] - MLog clients using log4j logging.
2017-08-26 20:22:38,634 [main] INFO  [com.mchange.v2.c3p0.C3P0Registry] - Initializing c3p0-0.9.0.4 [built 23-January-2006 22:20:29 -0500; debug? true; trace: 10]
2017-08-26 20:22:38,983 [main] INFO  [com.mchange.v2.c3p0.PoolBackedDataSource] - Initializing c3p0 pool... com.mchange.v2.c3p0.ComboPooledDataSource@3d28c0af[ acquireIncrement -> 3, acquireRetryAttempts -> 30, acquireRetryDelay -> 1000, autoCommitOnClose -> false, automaticTestTable -> null, breakAfterAcquireFailure -> false, checkoutTimeout -> 0, connectionTesterClassName -> com.mchange.v2.c3p0.impl.DefaultConnectionTester, description -> null, driverClass -> com.mysql.jdbc.Driver, factoryClassLocation -> null, forceIgnoreUnresolvedTransactions -> false, identityToken -> 3d28c0af, idleConnectionTestPeriod -> -1, initialPoolSize -> 2, jdbcUrl -> jdbc:mysql://localhost:3306/roledata?zeroDateTimeBehavior=convertToNull, loginTimeout -> 0, maxIdleTime -> 20, maxPoolSize -> 20, maxStatements -> 0, maxStatementsPerConnection -> 0, minPoolSize -> 2, numHelperThreads -> 3, preferredTestQuery -> null, properties -> {user=******, password=******}, propertyCycle -> 300, testConnectionOnCheckin -> false, testConnectionOnCheckout -> false, usesTraditionalReflectiveProxies -> false ]
